<?xml version="1.0" encoding="UTF-8"?>
<coverage generated="1691930260155" clover="3.2.0">
  <project timestamp="1691930260155" name="All files">
    <metrics statements="63" coveredstatements="63" conditionals="83" coveredconditionals="67" methods="22" coveredmethods="22" elements="168" coveredelements="152" complexity="0" loc="63" ncloc="63" packages="2" files="4" classes="4"/>
    <package name="Button">
      <metrics statements="13" coveredstatements="13" conditionals="37" coveredconditionals="29" methods="4" coveredmethods="4"/>
      <file name="Button.tsx" path="C:\Users\pol.gubau\dev\Mine\package\ui\src\components\Button\Button.tsx">
        <metrics statements="13" coveredstatements="13" conditionals="37" coveredconditionals="29" methods="4" coveredmethods="4"/>
        <line num="2" count="1" type="stmt"/>
        <line num="5" count="1" type="stmt"/>
        <line num="8" count="17" type="stmt"/>
        <line num="11" count="1" type="stmt"/>
        <line num="12" count="1" type="stmt"/>
        <line num="13" count="1" type="stmt"/>
        <line num="15" count="1" type="cond" truecount="3" falsecount="1"/>
        <line num="19" count="1" type="cond" truecount="5" falsecount="0"/>
        <line num="20" count="17" type="stmt"/>
        <line num="21" count="2" type="stmt"/>
        <line num="22" count="2" type="stmt"/>
        <line num="24" count="17" type="stmt"/>
        <line num="58" count="1" type="stmt"/>
      </file>
    </package>
    <package name="Text">
      <metrics statements="50" coveredstatements="50" conditionals="46" coveredconditionals="38" methods="18" coveredmethods="18"/>
      <file name="Styled.tsx" path="C:\Users\pol.gubau\dev\Mine\package\ui\src\components\Text\Styled.tsx">
        <metrics statements="15" coveredstatements="15" conditionals="4" coveredconditionals="3" methods="9" coveredmethods="9"/>
        <line num="2" count="1" type="stmt"/>
        <line num="5" count="1" type="stmt"/>
        <line num="8" count="16" type="stmt"/>
        <line num="11" count="1" type="stmt"/>
        <line num="12" count="1" type="stmt"/>
        <line num="14" count="1" type="cond" truecount="3" falsecount="1"/>
        <line num="18" count="1" type="stmt"/>
        <line num="37" count="16" type="stmt"/>
        <line num="43" count="16" type="stmt"/>
        <line num="49" count="16" type="stmt"/>
        <line num="55" count="16" type="stmt"/>
        <line num="59" count="16" type="stmt"/>
        <line num="60" count="16" type="stmt"/>
        <line num="63" count="16" type="stmt"/>
        <line num="67" count="1" type="stmt"/>
      </file>
      <file name="Text.tsx" path="C:\Users\pol.gubau\dev\Mine\package\ui\src\components\Text\Text.tsx">
        <metrics statements="14" coveredstatements="14" conditionals="15" coveredconditionals="15" methods="3" coveredmethods="3"/>
        <line num="2" count="1" type="stmt"/>
        <line num="5" count="1" type="stmt"/>
        <line num="8" count="16" type="stmt"/>
        <line num="11" count="1" type="stmt"/>
        <line num="12" count="1" type="stmt"/>
        <line num="13" count="1" type="stmt"/>
        <line num="14" count="1" type="stmt"/>
        <line num="15" count="1" type="stmt"/>
        <line num="17" count="2" type="cond" truecount="4" falsecount="0"/>
        <line num="21" count="1" type="cond" truecount="7" falsecount="0"/>
        <line num="22" count="16" type="stmt"/>
        <line num="26" count="16" type="stmt"/>
        <line num="31" count="16" type="stmt"/>
        <line num="42" count="1" type="stmt"/>
      </file>
      <file name="text.functions.tsx" path="C:\Users\pol.gubau\dev\Mine\package\ui\src\components\Text\text.functions.tsx">
        <metrics statements="21" coveredstatements="21" conditionals="27" coveredconditionals="20" methods="6" coveredmethods="6"/>
        <line num="2" count="1" type="stmt"/>
        <line num="6" count="2" type="stmt"/>
        <line num="11" count="1" type="stmt"/>
        <line num="13" count="16" type="stmt"/>
        <line num="16" count="16" type="stmt"/>
        <line num="19" count="1" type="stmt"/>
        <line num="20" count="1" type="stmt"/>
        <line num="22" count="1" type="cond" truecount="3" falsecount="1"/>
        <line num="26" count="1" type="stmt"/>
        <line num="27" count="16" type="cond" truecount="7" falsecount="0"/>
        <line num="29" count="1" type="stmt"/>
        <line num="35" count="1" type="stmt"/>
        <line num="41" count="1" type="stmt"/>
        <line num="47" count="1" type="stmt"/>
        <line num="53" count="1" type="stmt"/>
        <line num="59" count="1" type="stmt"/>
        <line num="65" count="10" type="stmt"/>
        <line num="72" count="1" type="stmt"/>
        <line num="73" count="16" type="cond" truecount="2" falsecount="0"/>
        <line num="74" count="1" type="stmt"/>
        <line num="76" count="15" type="stmt"/>
      </file>
    </package>
  </project>
</coverage>
