{"C:\\Users\\pol.gubau\\dev\\Mine\\package\\ui\\src\\components\\Button\\Button.tsx": {"path":"C:\\Users\\pol.gubau\\dev\\Mine\\package\\ui\\src\\components\\Button\\Button.tsx","statementMap":{"0":{"start":{"line":2,"column":0},"end":{"line":4,"column":3}},"1":{"start":{"line":5,"column":0},"end":{"line":10,"column":3}},"2":{"start":{"line":8,"column":8},"end":{"line":8,"column":24}},"3":{"start":{"line":11,"column":20},"end":{"line":11,"column":48}},"4":{"start":{"line":12,"column":29},"end":{"line":12,"column":71}},"5":{"start":{"line":13,"column":0},"end":{"line":13,"column":38}},"6":{"start":{"line":15,"column":4},"end":{"line":17,"column":6}},"7":{"start":{"line":19,"column":15},"end":{"line":57,"column":1}},"8":{"start":{"line":20,"column":24},"end":{"line":23,"column":5}},"9":{"start":{"line":21,"column":8},"end":{"line":21,"column":31}},"10":{"start":{"line":22,"column":8},"end":{"line":22,"column":20}},"11":{"start":{"line":24,"column":4},"end":{"line":56,"column":7}},"12":{"start":{"line":58,"column":17},"end":{"line":58,"column":23}}},"fnMap":{"0":{"name":"(anonymous_0)","decl":{"start":{"line":7,"column":9},"end":{"line":7,"column":10}},"loc":{"start":{"line":7,"column":20},"end":{"line":9,"column":5}},"line":7},"1":{"name":"_interop_require_default","decl":{"start":{"line":14,"column":9},"end":{"line":14,"column":33}},"loc":{"start":{"line":14,"column":39},"end":{"line":18,"column":1}},"line":14},"2":{"name":"(anonymous_2)","decl":{"start":{"line":19,"column":15},"end":{"line":19,"column":16}},"loc":{"start":{"line":19,"column":167},"end":{"line":57,"column":1}},"line":19},"3":{"name":"(anonymous_3)","decl":{"start":{"line":20,"column":24},"end":{"line":20,"column":25}},"loc":{"start":{"line":20,"column":33},"end":{"line":23,"column":5}},"line":20}},"branchMap":{"0":{"loc":{"start":{"line":15,"column":11},"end":{"line":17,"column":5}},"type":"cond-expr","locations":[{"start":{"line":15,"column":35},"end":{"line":15,"column":38}},{"start":{"line":15,"column":41},"end":{"line":17,"column":5}}],"line":15},"1":{"loc":{"start":{"line":15,"column":11},"end":{"line":15,"column":32}},"type":"binary-expr","locations":[{"start":{"line":15,"column":11},"end":{"line":15,"column":14}},{"start":{"line":15,"column":18},"end":{"line":15,"column":32}}],"line":15},"2":{"loc":{"start":{"line":19,"column":56},"end":{"line":19,"column":71}},"type":"default-arg","locations":[{"start":{"line":19,"column":66},"end":{"line":19,"column":71}}],"line":19},"3":{"loc":{"start":{"line":19,"column":74},"end":{"line":19,"column":93}},"type":"default-arg","locations":[{"start":{"line":19,"column":85},"end":{"line":19,"column":93}}],"line":19},"4":{"loc":{"start":{"line":19,"column":96},"end":{"line":19,"column":110}},"type":"default-arg","locations":[{"start":{"line":19,"column":102},"end":{"line":19,"column":110}}],"line":19},"5":{"loc":{"start":{"line":19,"column":113},"end":{"line":19,"column":127}},"type":"default-arg","locations":[{"start":{"line":19,"column":119},"end":{"line":19,"column":127}}],"line":19},"6":{"loc":{"start":{"line":19,"column":148},"end":{"line":19,"column":161}},"type":"default-arg","locations":[{"start":{"line":19,"column":157},"end":{"line":19,"column":161}}],"line":19},"7":{"loc":{"start":{"line":26,"column":18},"end":{"line":26,"column":47}},"type":"binary-expr","locations":[{"start":{"line":26,"column":18},"end":{"line":26,"column":26}},{"start":{"line":26,"column":30},"end":{"line":26,"column":47}}],"line":26},"8":{"loc":{"start":{"line":31,"column":6},"end":{"line":31,"column":72}},"type":"cond-expr","locations":[{"start":{"line":31,"column":24},"end":{"line":31,"column":67}},{"start":{"line":31,"column":70},"end":{"line":31,"column":72}}],"line":31},"9":{"loc":{"start":{"line":32,"column":6},"end":{"line":32,"column":74}},"type":"cond-expr","locations":[{"start":{"line":32,"column":26},"end":{"line":32,"column":69}},{"start":{"line":32,"column":72},"end":{"line":32,"column":74}}],"line":32},"10":{"loc":{"start":{"line":33,"column":6},"end":{"line":33,"column":98}},"type":"cond-expr","locations":[{"start":{"line":33,"column":28},"end":{"line":33,"column":93}},{"start":{"line":33,"column":96},"end":{"line":33,"column":98}}],"line":33},"11":{"loc":{"start":{"line":34,"column":6},"end":{"line":34,"column":72}},"type":"cond-expr","locations":[{"start":{"line":34,"column":24},"end":{"line":34,"column":67}},{"start":{"line":34,"column":70},"end":{"line":34,"column":72}}],"line":34},"12":{"loc":{"start":{"line":35,"column":6},"end":{"line":35,"column":53}},"type":"cond-expr","locations":[{"start":{"line":35,"column":17},"end":{"line":35,"column":48}},{"start":{"line":35,"column":51},"end":{"line":35,"column":53}}],"line":35},"13":{"loc":{"start":{"line":37,"column":7},"end":{"line":37,"column":34}},"type":"cond-expr","locations":[{"start":{"line":37,"column":17},"end":{"line":37,"column":29}},{"start":{"line":37,"column":32},"end":{"line":37,"column":34}}],"line":37},"14":{"loc":{"start":{"line":38,"column":6},"end":{"line":38,"column":51}},"type":"cond-expr","locations":[{"start":{"line":38,"column":25},"end":{"line":38,"column":46}},{"start":{"line":38,"column":49},"end":{"line":38,"column":51}}],"line":38},"15":{"loc":{"start":{"line":39,"column":6},"end":{"line":39,"column":52}},"type":"cond-expr","locations":[{"start":{"line":39,"column":26},"end":{"line":39,"column":47}},{"start":{"line":39,"column":50},"end":{"line":39,"column":52}}],"line":39},"16":{"loc":{"start":{"line":40,"column":6},"end":{"line":40,"column":60}},"type":"cond-expr","locations":[{"start":{"line":40,"column":25},"end":{"line":40,"column":55}},{"start":{"line":40,"column":58},"end":{"line":40,"column":60}}],"line":40},"17":{"loc":{"start":{"line":42,"column":6},"end":{"line":42,"column":36}},"type":"cond-expr","locations":[{"start":{"line":42,"column":17},"end":{"line":42,"column":31}},{"start":{"line":42,"column":34},"end":{"line":42,"column":36}}],"line":42},"18":{"loc":{"start":{"line":43,"column":6},"end":{"line":43,"column":21}},"type":"binary-expr","locations":[{"start":{"line":43,"column":6},"end":{"line":43,"column":15}},{"start":{"line":43,"column":19},"end":{"line":43,"column":21}}],"line":43},"19":{"loc":{"start":{"line":46,"column":12},"end":{"line":49,"column":14}},"type":"binary-expr","locations":[{"start":{"line":46,"column":12},"end":{"line":46,"column":18}},{"start":{"line":46,"column":36},"end":{"line":49,"column":14}}],"line":46},"20":{"loc":{"start":{"line":51,"column":12},"end":{"line":54,"column":14}},"type":"binary-expr","locations":[{"start":{"line":51,"column":12},"end":{"line":51,"column":18}},{"start":{"line":51,"column":36},"end":{"line":54,"column":14}}],"line":51}},"s":{"0":1,"1":1,"2":17,"3":1,"4":1,"5":1,"6":1,"7":1,"8":17,"9":2,"10":2,"11":17,"12":1},"f":{"0":17,"1":1,"2":17,"3":2},"b":{"0":[0,1],"1":[1,1],"2":[15],"3":[17],"4":[17],"5":[17],"6":[14],"7":[17,15],"8":[0,17],"9":[17,0],"10":[0,17],"11":[0,17],"12":[2,15],"13":[15,2],"14":[0,17],"15":[17,0],"16":[0,17],"17":[2,15],"18":[17,16],"19":[17,2],"20":[17,2]},"inputSourceMap":{"0":"{","1":"\"","2":"v","3":"e","4":"r","5":"s","6":"i","7":"o","8":"n","9":"\"","10":":","11":"3","12":",","13":"\"","14":"s","15":"o","16":"u","17":"r","18":"c","19":"e","20":"s","21":"\"","22":":","23":"[","24":"\"","25":"C","26":":","27":"\\","28":"\\","29":"U","30":"s","31":"e","32":"r","33":"s","34":"\\","35":"\\","36":"p","37":"o","38":"l","39":".","40":"g","41":"u","42":"b","43":"a","44":"u","45":"\\","46":"\\","47":"d","48":"e","49":"v","50":"\\","51":"\\","52":"M","53":"i","54":"n","55":"e","56":"\\","57":"\\","58":"p","59":"a","60":"c","61":"k","62":"a","63":"g","64":"e","65":"\\","66":"\\","67":"u","68":"i","69":"\\","70":"\\","71":"s","72":"r","73":"c","74":"\\","75":"\\","76":"c","77":"o","78":"m","79":"p","80":"o","81":"n","82":"e","83":"n","84":"t","85":"s","86":"\\","87":"\\","88":"B","89":"u","90":"t","91":"t","92":"o","93":"n","94":"\\","95":"\\","96":"B","97":"u","98":"t","99":"t","100":"o","101":"n","102":".","103":"t","104":"s","105":"x","106":"\"","107":"]","108":",","109":"\"","110":"s","111":"o","112":"u","113":"r","114":"c","115":"e","116":"s","117":"C","118":"o","119":"n","120":"t","121":"e","122":"n","123":"t","124":"\"","125":":","126":"[","127":"\"","128":"i","129":"m","130":"p","131":"o","132":"r","133":"t","134":" ","135":"R","136":"e","137":"a","138":"c","139":"t","140":" ","141":"f","142":"r","143":"o","144":"m","145":" ","146":"\\","147":"\"","148":"r","149":"e","150":"a","151":"c","152":"t","153":"\\","154":"\"","155":";","156":"\\","157":"r","158":"\\","159":"n","160":"i","161":"m","162":"p","163":"o","164":"r","165":"t","166":" ","167":"\\","168":"\"","169":".","170":".","171":"/","172":".","173":".","174":"/","175":"s","176":"t","177":"y","178":"l","179":"e","180":"/","181":"b","182":"a","183":"s","184":"e","185":"T","186":"h","187":"e","188":"m","189":"e","190":".","191":"s","192":"c","193":"s","194":"s","195":"\\","196":"\"","197":";","198":"\\","199":"r","200":"\\","201":"n","202":"i","203":"n","204":"t","205":"e","206":"r","207":"f","208":"a","209":"c","210":"e","211":" ","212":"P","213":"r","214":"o","215":"p","216":"s","217":" ","218":"{","219":"\\","220":"r","221":"\\","222":"n","223":"\\","224":"t","225":"c","226":"h","227":"i","228":"l","229":"d","230":"r","231":"e","232":"n","233":":","234":" ","235":"R","236":"e","237":"a","238":"c","239":"t","240":".","241":"R","242":"e","243":"a","244":"c","245":"t","246":"N","247":"o","248":"d","249":"e","250":";","251":"\\","252":"r","253":"\\","254":"n","255":"\\","256":"t","257":"o","258":"n","259":"C","260":"l","261":"i","262":"c","263":"k","264":"?","265":":","266":" ","267":"(","268":")","269":" ","270":"=","271":">","272":" ","273":"v","274":"o","275":"i","276":"d","277":";","278":"\\","279":"r","280":"\\","281":"n","282":"\\","283":"t","284":"i","285":"d","286":"?","287":":","288":" ","289":"s","290":"t","291":"r","292":"i","293":"n","294":"g","295":";","296":"\\","297":"r","298":"\\","299":"n","300":"\\","301":"t","302":"c","303":"l","304":"a","305":"s","306":"s","307":"N","308":"a","309":"m","310":"e","311":"?","312":":","313":" ","314":"s","315":"t","316":"r","317":"i","318":"n","319":"g","320":";","321":"\\","322":"r","323":"\\","324":"n","325":"\\","326":"t","327":"a","328":"r","329":"i","330":"a","331":"L","332":"a","333":"b","334":"e","335":"l","336":"?","337":":","338":" ","339":"s","340":"t","341":"r","342":"i","343":"n","344":"g","345":";","346":"\\","347":"r","348":"\\","349":"n","350":"\\","351":"t","352":"d","353":"i","354":"s","355":"a","356":"b","357":"l","358":"e","359":"d","360":"?","361":":","362":" ","363":"b","364":"o","365":"o","366":"l","367":"e","368":"a","369":"n","370":";","371":"\\","372":"r","373":"\\","374":"n","375":"\\","376":"t","377":"t","378":"y","379":"p","380":"e","381":"?","382":":","383":" ","384":"\\","385":"\"","386":"m","387":"a","388":"i","389":"n","390":"\\","391":"\"","392":" ","393":"|","394":" ","395":"\\","396":"\"","397":"n","398":"o","399":"r","400":"m","401":"a","402":"l","403":"\\","404":"\"","405":" ","406":"|","407":" ","408":"\\","409":"\"","410":"o","411":"u","412":"t","413":"l","414":"i","415":"n","416":"e","417":"d","418":"\\","419":"\"","420":" ","421":"|","422":" ","423":"\\","424":"\"","425":"t","426":"e","427":"x","428":"t","429":"\\","430":"\"","431":";","432":"\\","433":"r","434":"\\","435":"n","436":"\\","437":"t","438":"s","439":"i","440":"z","441":"e","442":"?","443":":","444":" ","445":"\\","446":"\"","447":"l","448":"a","449":"r","450":"g","451":"e","452":"\\","453":"\"","454":" ","455":"|","456":" ","457":"\\","458":"\"","459":"n","460":"o","461":"r","462":"m","463":"a","464":"l","465":"\\","466":"\"","467":" ","468":"|","469":" ","470":"\\","471":"\"","472":"s","473":"m","474":"a","475":"l","476":"l","477":"\\","478":"\"","479":";","480":"\\","481":"r","482":"\\","483":"n","484":"\\","485":"t","486":"p","487":"r","488":"e","489":"f","490":"i","491":"x","492":"?","493":":","494":" ","495":"R","496":"e","497":"a","498":"c","499":"t","500":".","501":"R","502":"e","503":"a","504":"c","505":"t","506":"N","507":"o","508":"d","509":"e","510":";","511":"\\","512":"r","513":"\\","514":"n","515":"\\","516":"t","517":"s","518":"u","519":"f","520":"f","521":"i","522":"x","523":"?","524":":","525":" ","526":"R","527":"e","528":"a","529":"c","530":"t","531":".","532":"R","533":"e","534":"a","535":"c","536":"t","537":"N","538":"o","539":"d","540":"e","541":";","542":"\\","543":"r","544":"\\","545":"n","546":"\\","547":"t","548":"r","549":"o","550":"u","551":"n","552":"d","553":"e","554":"d","555":"?","556":":","557":" ","558":"b","559":"o","560":"o","561":"l","562":"e","563":"a","564":"n","565":";","566":"\\","567":"r","568":"\\","569":"n","570":"}","571":"\\","572":"r","573":"\\","574":"n","575":"\\","576":"r","577":"\\","578":"n","579":"c","580":"o","581":"n","582":"s","583":"t","584":" ","585":"B","586":"u","587":"t","588":"t","589":"o","590":"n","591":":","592":" ","593":"R","594":"e","595":"a","596":"c","597":"t","598":".","599":"F","600":"C","601":"<","602":"P","603":"r","604":"o","605":"p","606":"s","607":">","608":" ","609":"=","610":" ","611":"(","612":"{","613":"\\","614":"r","615":"\\","616":"n","617":"\\","618":"t","619":"c","620":"l","621":"a","622":"s","623":"s","624":"N","625":"a","626":"m","627":"e","628":",","629":"\\","630":"r","631":"\\","632":"n","633":"\\","634":"t","635":"c","636":"h","637":"i","638":"l","639":"d","640":"r","641":"e","642":"n","643":",","644":"\\","645":"r","646":"\\","647":"n","648":"\\","649":"t","650":"i","651":"d","652":",","653":"\\","654":"r","655":"\\","656":"n","657":"\\","658":"t","659":"o","660":"n","661":"C","662":"l","663":"i","664":"c","665":"k","666":",","667":"\\","668":"r","669":"\\","670":"n","671":"\\","672":"t","673":"d","674":"i","675":"s","676":"a","677":"b","678":"l","679":"e","680":"d","681":" ","682":"=","683":" ","684":"f","685":"a","686":"l","687":"s","688":"e","689":",","690":"\\","691":"r","692":"\\","693":"n","694":"\\","695":"t","696":"a","697":"r","698":"i","699":"a","700":"L","701":"a","702":"b","703":"e","704":"l","705":" ","706":"=","707":" ","708":"\\","709":"\"","710":"b","711":"u","712":"t","713":"t","714":"o","715":"n","716":"\\","717":"\"","718":",","719":"\\","720":"r","721":"\\","722":"n","723":"\\","724":"t","725":"t","726":"y","727":"p","728":"e","729":" ","730":"=","731":" ","732":"\\","733":"\"","734":"n","735":"o","736":"r","737":"m","738":"a","739":"l","740":"\\","741":"\"","742":",","743":"\\","744":"r","745":"\\","746":"n","747":"\\","748":"t","749":"s","750":"i","751":"z","752":"e","753":" ","754":"=","755":" ","756":"\\","757":"\"","758":"n","759":"o","760":"r","761":"m","762":"a","763":"l","764":"\\","765":"\"","766":",","767":"\\","768":"r","769":"\\","770":"n","771":"\\","772":"t","773":"p","774":"r","775":"e","776":"f","777":"i","778":"x","779":",","780":"\\","781":"r","782":"\\","783":"n","784":"\\","785":"t","786":"s","787":"u","788":"f","789":"f","790":"i","791":"x","792":",","793":"\\","794":"r","795":"\\","796":"n","797":"\\","798":"t","799":"r","800":"o","801":"u","802":"n","803":"d","804":"e","805":"d","806":" ","807":"=","808":" ","809":"t","810":"r","811":"u","812":"e","813":",","814":"\\","815":"r","816":"\\","817":"n","818":"}","819":")","820":":","821":" ","822":"J","823":"S","824":"X","825":".","826":"E","827":"l","828":"e","829":"m","830":"e","831":"n","832":"t","833":" ","834":"=","835":">","836":" ","837":"{","838":"\\","839":"r","840":"\\","841":"n","842":"\\","843":"t","844":"c","845":"o","846":"n","847":"s","848":"t","849":" ","850":"h","851":"a","852":"n","853":"d","854":"l","855":"e","856":"C","857":"l","858":"i","859":"c","860":"k","861":" ","862":"=","863":" ","864":"(","865":"e","866":"v","867":"e","868":"n","869":"t","870":":","871":" ","872":"R","873":"e","874":"a","875":"c","876":"t","877":".","878":"M","879":"o","880":"u","881":"s","882":"e","883":"E","884":"v","885":"e","886":"n","887":"t","888":"<","889":"H","890":"T","891":"M","892":"L","893":"B","894":"u","895":"t","896":"t","897":"o","898":"n","899":"E","900":"l","901":"e","902":"m","903":"e","904":"n","905":"t","906":">","907":")","908":" ","909":"=","910":">","911":" ","912":"{","913":"\\","914":"r","915":"\\","916":"n","917":"\\","918":"t","919":"\\","920":"t","921":"e","922":"v","923":"e","924":"n","925":"t","926":".","927":"p","928":"r","929":"e","930":"v","931":"e","932":"n","933":"t","934":"D","935":"e","936":"f","937":"a","938":"u","939":"l","940":"t","941":"(","942":")","943":";","944":"\\","945":"r","946":"\\","947":"n","948":"\\","949":"t","950":"\\","951":"t","952":"o","953":"n","954":"C","955":"l","956":"i","957":"c","958":"k","959":"?","960":".","961":"(","962":")","963":";","964":"\\","965":"r","966":"\\","967":"n","968":"\\","969":"t","970":"}","971":";","972":"\\","973":"r","974":"\\","975":"n","976":"\\","977":"r","978":"\\","979":"n","980":"\\","981":"t","982":"r","983":"e","984":"t","985":"u","986":"r","987":"n","988":" ","989":"(","990":"\\","991":"r","992":"\\","993":"n","994":"\\","995":"t","996":"\\","997":"t","998":"<","999":"b","1000":"u","1001":"t","1002":"t","1003":"o","1004":"n","1005":"\\","1006":"r","1007":"\\","1008":"n","1009":"\\","1010":"t","1011":"\\","1012":"t","1013":"\\","1014":"t","1015":"a","1016":"r","1017":"i","1018":"a","1019":"-","1020":"l","1021":"a","1022":"b","1023":"e","1024":"l","1025":"=","1026":"{","1027":"a","1028":"r","1029":"i","1030":"a","1031":"L","1032":"a","1033":"b","1034":"e","1035":"l","1036":"}","1037":"\\","1038":"r","1039":"\\","1040":"n","1041":"\\","1042":"t","1043":"\\","1044":"t","1045":"\\","1046":"t","1047":"d","1048":"i","1049":"s","1050":"a","1051":"b","1052":"l","1053":"e","1054":"d","1055":"=","1056":"{","1057":"d","1058":"i","1059":"s","1060":"a","1061":"b","1062":"l","1063":"e","1064":"d","1065":" ","1066":"|","1067":"|","1068":" ","1069":"!","1070":"B","1071":"o","1072":"o","1073":"l","1074":"e","1075":"a","1076":"n","1077":"(","1078":"o","1079":"n","1080":"C","1081":"l","1082":"i","1083":"c","1084":"k","1085":")","1086":"}","1087":"\\","1088":"r","1089":"\\","1090":"n","1091":"\\","1092":"t","1093":"\\","1094":"t","1095":"\\","1096":"t","1097":"i","1098":"d","1099":"=","1100":"{","1101":"i","1102":"d","1103":"}","1104":"\\","1105":"r","1106":"\\","1107":"n","1108":"\\","1109":"t","1110":"\\","1111":"t","1112":"\\","1113":"t","1114":"o","1115":"n","1116":"C","1117":"l","1118":"i","1119":"c","1120":"k","1121":"=","1122":"{","1123":"h","1124":"a","1125":"n","1126":"d","1127":"l","1128":"e","1129":"C","1130":"l","1131":"i","1132":"c","1133":"k","1134":"}","1135":"\\","1136":"r","1137":"\\","1138":"n","1139":"\\","1140":"t","1141":"\\","1142":"t","1143":"\\","1144":"t","1145":"c","1146":"l","1147":"a","1148":"s","1149":"s","1150":"N","1151":"a","1152":"m","1153":"e","1154":"=","1155":"{","1156":"`","1157":"\\","1158":"t","1159":"\\","1160":"t","1161":"\\","1162":"t","1163":"\\","1164":"t","1165":"\\","1166":"r","1167":"\\","1168":"n","1169":"\\","1170":"t","1171":"\\","1172":"t","1173":"\\","1174":"t","1175":"\\","1176":"t","1177":"c","1178":"u","1179":"r","1180":"s","1181":"o","1182":"r","1183":"-","1184":"p","1185":"o","1186":"i","1187":"n","1188":"t","1189":"e","1190":"r","1191":"\\","1192":"r","1193":"\\","1194":"n","1195":"\\","1196":"t","1197":"\\","1198":"t","1199":"\\","1200":"t","1201":"\\","1202":"t","1203":"$","1204":"{","1205":"t","1206":"y","1207":"p","1208":"e","1209":" ","1210":"=","1211":"=","1212":"=","1213":" ","1214":"\\","1215":"\"","1216":"m","1217":"a","1218":"i","1219":"n","1220":"\\","1221":"\"","1222":" ","1223":"?","1224":" ","1225":"\\","1226":"\"","1227":"b","1228":"g","1229":"-","1230":"a","1231":"c","1232":"c","1233":"e","1234":"n","1235":"t","1236":" ","1237":"t","1238":"e","1239":"x","1240":"t","1241":"-","1242":"p","1243":"r","1244":"i","1245":"m","1246":"a","1247":"r","1248":"y","1249":" ","1250":"h","1251":"o","1252":"v","1253":"e","1254":"r","1255":":","1256":"b","1257":"g","1258":"-","1259":"a","1260":"c","1261":"c","1262":"e","1263":"n","1264":"t","1265":"/","1266":"5","1267":"0","1268":"\\","1269":"\"","1270":" ","1271":":","1272":" ","1273":"\\","1274":"\"","1275":"\\","1276":"\"","1277":"}","1278":"\\","1279":"r","1280":"\\","1281":"n","1282":"\\","1283":"t","1284":"\\","1285":"t","1286":"\\","1287":"t","1288":"\\","1289":"t","1290":"$","1291":"{","1292":"t","1293":"y","1294":"p","1295":"e","1296":" ","1297":"=","1298":"=","1299":"=","1300":" ","1301":"\\","1302":"\"","1303":"n","1304":"o","1305":"r","1306":"m","1307":"a","1308":"l","1309":"\\","1310":"\"","1311":" ","1312":"?","1313":" ","1314":"\\","1315":"\"","1316":"b","1317":"g","1318":"-","1319":"p","1320":"r","1321":"i","1322":"m","1323":"a","1324":"r","1325":"y","1326":" ","1327":"t","1328":"e","1329":"x","1330":"t","1331":"-","1332":"w","1333":"h","1334":"i","1335":"t","1336":"e","1337":" ","1338":"h","1339":"o","1340":"v","1341":"e","1342":"r","1343":":","1344":"b","1345":"g","1346":"-","1347":"p","1348":"r","1349":"i","1350":"m","1351":"a","1352":"r","1353":"y","1354":"/","1355":"5","1356":"0","1357":"\\","1358":"\"","1359":" ","1360":":","1361":" ","1362":"\\","1363":"\"","1364":"\\","1365":"\"","1366":"}","1367":"\\","1368":"r","1369":"\\","1370":"n","1371":"\\","1372":"t","1373":"\\","1374":"t","1375":"\\","1376":"t","1377":"\\","1378":"t","1379":"$","1380":"{","1381":"t","1382":"y","1383":"p","1384":"e","1385":" ","1386":"=","1387":"=","1388":"=","1389":" ","1390":"\\","1391":"\"","1392":"o","1393":"u","1394":"t","1395":"l","1396":"i","1397":"n","1398":"e","1399":"d","1400":"\\","1401":"\"","1402":" ","1403":"?","1404":" ","1405":"\\","1406":"\"","1407":"b","1408":"g","1409":"-","1410":"w","1411":"h","1412":"i","1413":"t","1414":"e","1415":" ","1416":"t","1417":"e","1418":"x","1419":"t","1420":"-","1421":"p","1422":"r","1423":"i","1424":"m","1425":"a","1426":"r","1427":"y","1428":" ","1429":" ","1430":" ","1431":"r","1432":"i","1433":"n","1434":"g","1435":"-","1436":"1","1437":" ","1438":"r","1439":"i","1440":"n","1441":"g","1442":"-","1443":"p","1444":"r","1445":"i","1446":"m","1447":"a","1448":"r","1449":"y","1450":" ","1451":"h","1452":"o","1453":"v","1454":"e","1455":"r","1456":":","1457":"b","1458":"g","1459":"-","1460":"p","1461":"r","1462":"i","1463":"m","1464":"a","1465":"r","1466":"y","1467":"/","1468":"3","1469":"0","1470":"\\","1471":"\"","1472":" ","1473":":","1474":" ","1475":"\\","1476":"\"","1477":"\\","1478":"\"","1479":"}","1480":"\\","1481":"r","1482":"\\","1483":"n","1484":"\\","1485":"t","1486":"\\","1487":"t","1488":"\\","1489":"t","1490":"\\","1491":"t","1492":"$","1493":"{","1494":"t","1495":"y","1496":"p","1497":"e","1498":" ","1499":"=","1500":"=","1501":"=","1502":" ","1503":"\\","1504":"\"","1505":"t","1506":"e","1507":"x","1508":"t","1509":"\\","1510":"\"","1511":" ","1512":"?","1513":" ","1514":"\\","1515":"\"","1516":"b","1517":"g","1518":"-","1519":"w","1520":"h","1521":"i","1522":"t","1523":"e","1524":" ","1525":"t","1526":"e","1527":"x","1528":"t","1529":"-","1530":"p","1531":"r","1532":"i","1533":"m","1534":"a","1535":"r","1536":"y","1537":" ","1538":"h","1539":"o","1540":"v","1541":"e","1542":"r","1543":":","1544":"b","1545":"g","1546":"-","1547":"p","1548":"r","1549":"i","1550":"m","1551":"a","1552":"r","1553":"y","1554":"/","1555":"3","1556":"0","1557":"\\","1558":"\"","1559":" ","1560":":","1561":" ","1562":"\\","1563":"\"","1564":"\\","1565":"\"","1566":"}","1567":"\\","1568":"r","1569":"\\","1570":"n","1571":"\\","1572":"t","1573":"\\","1574":"t","1575":"\\","1576":"t","1577":"\\","1578":"t","1579":"$","1580":"{","1581":"d","1582":"i","1583":"s","1584":"a","1585":"b","1586":"l","1587":"e","1588":"d","1589":" ","1590":"?","1591":" ","1592":"\\","1593":"\"","1594":"o","1595":"p","1596":"a","1597":"c","1598":"i","1599":"t","1600":"y","1601":"-","1602":"5","1603":"0","1604":" ","1605":"c","1606":"u","1607":"r","1608":"s","1609":"o","1610":"r","1611":"-","1612":"n","1613":"o","1614":"t","1615":"-","1616":"a","1617":"l","1618":"l","1619":"o","1620":"w","1621":"e","1622":"d","1623":"\\","1624":"\"","1625":" ","1626":":","1627":" ","1628":"\\","1629":"\"","1630":"\\","1631":"\"","1632":"}","1633":"\\","1634":"r","1635":"\\","1636":"n","1637":"\\","1638":"t","1639":"\\","1640":"t","1641":"\\","1642":"t","1643":"\\","1644":"t","1645":"t","1646":"r","1647":"a","1648":"n","1649":"s","1650":"i","1651":"t","1652":"i","1653":"o","1654":"n","1655":"-","1656":"c","1657":"o","1658":"l","1659":"o","1660":"r","1661":"s","1662":"\\","1663":"r","1664":"\\","1665":"n","1666":" ","1667":"\\","1668":"t","1669":"\\","1670":"t","1671":"\\","1672":"t","1673":"\\","1674":"t","1675":"$","1676":"{","1677":"r","1678":"o","1679":"u","1680":"n","1681":"d","1682":"e","1683":"d","1684":" ","1685":"?","1686":" ","1687":"\\","1688":"\"","1689":"r","1690":"o","1691":"u","1692":"n","1693":"d","1694":"e","1695":"d","1696":"-","1697":"x","1698":"l","1699":"\\","1700":"\"","1701":" ","1702":":","1703":" ","1704":"\\","1705":"\"","1706":"\\","1707":"\"","1708":"}","1709":"\\","1710":"r","1711":"\\","1712":"n","1713":"\\","1714":"t","1715":"\\","1716":"t","1717":"\\","1718":"t","1719":"\\","1720":"t","1721":"$","1722":"{","1723":"s","1724":"i","1725":"z","1726":"e","1727":" ","1728":"=","1729":"=","1730":"=","1731":" ","1732":"\\","1733":"\"","1734":"l","1735":"a","1736":"r","1737":"g","1738":"e","1739":"\\","1740":"\"","1741":" ","1742":"?","1743":" ","1744":"\\","1745":"\"","1746":"p","1747":"x","1748":"-","1749":"4","1750":" ","1751":"p","1752":"y","1753":"-","1754":"2","1755":".","1756":"5","1757":" ","1758":"t","1759":"e","1760":"x","1761":"t","1762":"-","1763":"l","1764":"g","1765":"\\","1766":"\"","1767":" ","1768":":","1769":" ","1770":"\\","1771":"\"","1772":"\\","1773":"\"","1774":"}","1775":"\\","1776":"r","1777":"\\","1778":"n","1779":"\\","1780":"t","1781":"\\","1782":"t","1783":"\\","1784":"t","1785":"\\","1786":"t","1787":"$","1788":"{","1789":"s","1790":"i","1791":"z","1792":"e","1793":" ","1794":"=","1795":"=","1796":"=","1797":" ","1798":"\\","1799":"\"","1800":"n","1801":"o","1802":"r","1803":"m","1804":"a","1805":"l","1806":"\\","1807":"\"","1808":" ","1809":"?","1810":" ","1811":"\\","1812":"\"","1813":"p","1814":"x","1815":"-","1816":"4","1817":" ","1818":"p","1819":"y","1820":"-","1821":"2","1822":" ","1823":"t","1824":"e","1825":"x","1826":"t","1827":"-","1828":"b","1829":"a","1830":"s","1831":"e","1832":"\\","1833":"\"","1834":" ","1835":":","1836":" ","1837":"\\","1838":"\"","1839":"\\","1840":"\"","1841":"}","1842":"\\","1843":"r","1844":"\\","1845":"n","1846":"\\","1847":"t","1848":"\\","1849":"t","1850":"\\","1851":"t","1852":"\\","1853":"t","1854":"$","1855":"{","1856":"s","1857":"i","1858":"z","1859":"e","1860":" ","1861":"=","1862":"=","1863":"=","1864":" ","1865":"\\","1866":"\"","1867":"s","1868":"m","1869":"a","1870":"l","1871":"l","1872":"\\","1873":"\"","1874":" ","1875":"?","1876":" ","1877":"\\","1878":"\"","1879":"p","1880":"x","1881":"-","1882":"3","1883":" ","1884":"p","1885":"y","1886":"-","1887":"2","1888":" ","1889":"t","1890":"e","1891":"x","1892":"t","1893":"-","1894":"s","1895":"m","1896":" ","1897":"r","1898":"o","1899":"u","1900":"n","1901":"d","1902":"e","1903":"d","1904":"-","1905":"l","1906":"g","1907":"\\","1908":"\"","1909":" ","1910":":","1911":" ","1912":"\\","1913":"\"","1914":"\\","1915":"\"","1916":"}","1917":"\\","1918":"r","1919":"\\","1920":"n","1921":"\\","1922":"t","1923":"\\","1924":"t","1925":"\\","1926":"t","1927":" ","1928":"\\","1929":"t","1930":"\\","1931":"t","1932":"\\","1933":"t","1934":"\\","1935":"t","1936":"\\","1937":"r","1938":"\\","1939":"n","1940":"\\","1941":"t","1942":"\\","1943":"t","1944":"\\","1945":"t","1946":"\\","1947":"t","1948":"$","1949":"{","1950":"!","1951":"r","1952":"o","1953":"u","1954":"n","1955":"d","1956":"e","1957":"d","1958":" ","1959":"?","1960":" ","1961":"\\","1962":"\"","1963":"r","1964":"o","1965":"u","1966":"n","1967":"d","1968":"e","1969":"d","1970":"-","1971":"n","1972":"o","1973":"n","1974":"e","1975":"\\","1976":"\"","1977":" ","1978":":","1979":" ","1980":"\\","1981":"\"","1982":"\\","1983":"\"","1984":"}","1985":"\\","1986":"r","1987":"\\","1988":"n","1989":"\\","1990":"t","1991":"\\","1992":"t","1993":"\\","1994":"t","1995":"\\","1996":"t","1997":"$","1998":"{","1999":"c","2000":"l","2001":"a","2002":"s","2003":"s","2004":"N","2005":"a","2006":"m","2007":"e","2008":" ","2009":"?","2010":"?","2011":" ","2012":"\\","2013":"\"","2014":"\\","2015":"\"","2016":"}","2017":"\\","2018":"r","2019":"\\","2020":"n","2021":" ","2022":"\\","2023":"t","2024":"\\","2025":"t","2026":"\\","2027":"t","2028":"`","2029":"}","2030":"\\","2031":"r","2032":"\\","2033":"n","2034":"\\","2035":"t","2036":"\\","2037":"t","2038":">","2039":"\\","2040":"r","2041":"\\","2042":"n","2043":"\\","2044":"t","2045":"\\","2046":"t","2047":"\\","2048":"t","2049":"{","2050":"p","2051":"r","2052":"e","2053":"f","2054":"i","2055":"x","2056":" ","2057":"&","2058":"&","2059":" ","2060":"<","2061":"s","2062":"p","2063":"a","2064":"n","2065":" ","2066":"c","2067":"l","2068":"a","2069":"s","2070":"s","2071":"N","2072":"a","2073":"m","2074":"e","2075":"=","2076":"\\","2077":"\"","2078":"m","2079":"r","2080":"-","2081":"2","2082":"\\","2083":"\"","2084":">","2085":"{","2086":"p","2087":"r","2088":"e","2089":"f","2090":"i","2091":"x","2092":"}","2093":"<","2094":"/","2095":"s","2096":"p","2097":"a","2098":"n","2099":">","2100":"}","2101":"\\","2102":"r","2103":"\\","2104":"n","2105":"\\","2106":"t","2107":"\\","2108":"t","2109":"\\","2110":"t","2111":"{","2112":"c","2113":"h","2114":"i","2115":"l","2116":"d","2117":"r","2118":"e","2119":"n","2120":"}","2121":"\\","2122":"r","2123":"\\","2124":"n","2125":"\\","2126":"t","2127":"\\","2128":"t","2129":"\\","2130":"t","2131":"{","2132":"s","2133":"u","2134":"f","2135":"f","2136":"i","2137":"x","2138":" ","2139":"&","2140":"&","2141":" ","2142":"<","2143":"s","2144":"p","2145":"a","2146":"n","2147":" ","2148":"c","2149":"l","2150":"a","2151":"s","2152":"s","2153":"N","2154":"a","2155":"m","2156":"e","2157":"=","2158":"\\","2159":"\"","2160":"m","2161":"l","2162":"-","2163":"2","2164":"\\","2165":"\"","2166":">","2167":"{","2168":"s","2169":"u","2170":"f","2171":"f","2172":"i","2173":"x","2174":"}","2175":"<","2176":"/","2177":"s","2178":"p","2179":"a","2180":"n","2181":">","2182":"}","2183":"\\","2184":"r","2185":"\\","2186":"n","2187":"\\","2188":"t","2189":"\\","2190":"t","2191":"<","2192":"/","2193":"b","2194":"u","2195":"t","2196":"t","2197":"o","2198":"n","2199":">","2200":"\\","2201":"r","2202":"\\","2203":"n","2204":"\\","2205":"t","2206":")","2207":";","2208":"\\","2209":"r","2210":"\\","2211":"n","2212":"}","2213":";","2214":"\\","2215":"r","2216":"\\","2217":"n","2218":"e","2219":"x","2220":"p","2221":"o","2222":"r","2223":"t","2224":" ","2225":"d","2226":"e","2227":"f","2228":"a","2229":"u","2230":"l","2231":"t","2232":" ","2233":"B","2234":"u","2235":"t","2236":"t","2237":"o","2238":"n","2239":";","2240":"\\","2241":"r","2242":"\\","2243":"n","2244":"\"","2245":"]","2246":",","2247":"\"","2248":"n","2249":"a","2250":"m","2251":"e","2252":"s","2253":"\"","2254":":","2255":"[","2256":"\"","2257":"B","2258":"u","2259":"t","2260":"t","2261":"o","2262":"n","2263":"\"","2264":",","2265":"\"","2266":"c","2267":"l","2268":"a","2269":"s","2270":"s","2271":"N","2272":"a","2273":"m","2274":"e","2275":"\"","2276":",","2277":"\"","2278":"c","2279":"h","2280":"i","2281":"l","2282":"d","2283":"r","2284":"e","2285":"n","2286":"\"","2287":",","2288":"\"","2289":"i","2290":"d","2291":"\"","2292":",","2293":"\"","2294":"o","2295":"n","2296":"C","2297":"l","2298":"i","2299":"c","2300":"k","2301":"\"","2302":",","2303":"\"","2304":"d","2305":"i","2306":"s","2307":"a","2308":"b","2309":"l","2310":"e","2311":"d","2312":"\"","2313":",","2314":"\"","2315":"a","2316":"r","2317":"i","2318":"a","2319":"L","2320":"a","2321":"b","2322":"e","2323":"l","2324":"\"","2325":",","2326":"\"","2327":"t","2328":"y","2329":"p","2330":"e","2331":"\"","2332":",","2333":"\"","2334":"s","2335":"i","2336":"z","2337":"e","2338":"\"","2339":",","2340":"\"","2341":"p","2342":"r","2343":"e","2344":"f","2345":"i","2346":"x","2347":"\"","2348":",","2349":"\"","2350":"s","2351":"u","2352":"f","2353":"f","2354":"i","2355":"x","2356":"\"","2357":",","2358":"\"","2359":"r","2360":"o","2361":"u","2362":"n","2363":"d","2364":"e","2365":"d","2366":"\"","2367":",","2368":"\"","2369":"h","2370":"a","2371":"n","2372":"d","2373":"l","2374":"e","2375":"C","2376":"l","2377":"i","2378":"c","2379":"k","2380":"\"","2381":",","2382":"\"","2383":"e","2384":"v","2385":"e","2386":"n","2387":"t","2388":"\"","2389":",","2390":"\"","2391":"p","2392":"r","2393":"e","2394":"v","2395":"e","2396":"n","2397":"t","2398":"D","2399":"e","2400":"f","2401":"a","2402":"u","2403":"l","2404":"t","2405":"\"","2406":",","2407":"\"","2408":"b","2409":"u","2410":"t","2411":"t","2412":"o","2413":"n","2414":"\"","2415":",","2416":"\"","2417":"a","2418":"r","2419":"i","2420":"a","2421":"-","2422":"l","2423":"a","2424":"b","2425":"e","2426":"l","2427":"\"","2428":",","2429":"\"","2430":"B","2431":"o","2432":"o","2433":"l","2434":"e","2435":"a","2436":"n","2437":"\"","2438":",","2439":"\"","2440":"s","2441":"p","2442":"a","2443":"n","2444":"\"","2445":"]","2446":",","2447":"\"","2448":"m","2449":"a","2450":"p","2451":"p","2452":"i","2453":"n","2454":"g","2455":"s","2456":"\"","2457":":","2458":"\"","2459":";","2460":";","2461":";","2462":";","2463":"+","2464":"B","2465":"A","2466":"+","2467":"D","2468":"A","2469":";","2470":";","2471":";","2472":"e","2473":"A","2474":"A","2475":"A","2476":";","2477":";","2478":";","2479":";","2480":"8","2481":"D","2482":"A","2483":"/","2484":"D","2485":"k","2486":"B","2487":";","2488":"Q","2489":"A","2490":"C","2491":"X","2492":";","2493":";","2494":";","2495":";","2496":";","2497":";","2498":"A","2499":"A","2500":"e","2501":"P","2502":",","2503":"M","2504":"A","2505":"A","2506":"M","2507":"A","2508":",","2509":"S","2510":"A","2511":"A","2512":"0","2513":"B","2514":",","2515":"C","2516":"A","2517":"A","2518":"C","2519":",","2520":"E","2521":"A","2522":"C","2523":"h","2524":"C","2525":"C","2526":",","2527":"U","2528":"A","2529":"A","2530":"S","2531":",","2532":"E","2533":"A","2534":"C","2535":"T","2536":"C","2537":",","2538":"S","2539":"A","2540":"A","2541":"Q","2542":",","2543":"E","2544":"A","2545":"C","2546":"R","2547":"C","2548":",","2549":"G","2550":"A","2551":"A","2552":"E","2553":",","2554":"E","2555":"A","2556":"C","2557":"F","2558":"C","2559":",","2560":"Q","2561":"A","2562":"A","2563":"O","2564":",","2565":"E","2566":"A","2567":"C","2568":"P","2569":"C","2570":",","2571":"U","2572":"A","2573":"A","2574":"W","2575":",","2576":"M","2577":"A","2578":"A","2579":"K","2580":",","2581":"E","2582":"A","2583":"C","2584":"h","2585":"B","2586":"C","2587":",","2588":"W","2589":"A","2590":"A","2591":"Y","2592":",","2593":"S","2594":"A","2595":"A","2596":"Q","2597":",","2598":"E","2599":"A","2600":"C","2601":"p","2602":"B","2603":"C","2604":",","2605":"M","2606":"A","2607":"A","2608":"O","2609":",","2610":"S","2611":"A","2612":"A","2613":"Q","2614":",","2615":"E","2616":"A","2617":"C","2618":"f","2619":"C","2620":",","2621":"M","2622":"A","2623":"A","2624":"O","2625":",","2626":"S","2627":"A","2628":"A","2629":"Q","2630":",","2631":"E","2632":"A","2633":"C","2634":"f","2635":"C","2636":",","2637":"O","2638":"A","2639":"A","2640":"M","2641":",","2642":"E","2643":"A","2644":"C","2645":"N","2646":"C","2647":",","2648":"O","2649":"A","2650":"A","2651":"M","2652":",","2653":"E","2654":"A","2655":"C","2656":"N","2657":"C","2658":",","2659":"S","2660":"A","2661":"A","2662":"U","2663":",","2664":"K","2665":"A","2666":"A","2667":"I","2668":",","2669":"E","2670":"A","2671":"C","2672":"d","2673":";","2674":"I","2675":"A","2676":"C","2677":"A","2678":",","2679":"M","2680":"A","2681":"A","2682":"M","2683":"C","2684":",","2685":"c","2686":"A","2687":"A","2688":"c","2689":",","2690":"C","2691":"A","2692":"A","2693":"C","2694":"C","2695":";","2696":"Q","2697":"A","2698":"C","2699":"p","2700":"B","2701":"A","2702":",","2703":"M","2704":"A","2705":"A","2706":"M","2707":"C","2708":";","2709":"Q","2710":"A","2711":"C","2712":"N","2713":"V","2714":";","2715":"I","2716":"A","2717":"C","2718":"D","2719":";","2720":"I","2721":"A","2722":"E","2723":"A","2724":",","2725":"q","2726":"B","2727":"A","2728":"C","2729":"C","2730":",","2731":"s","2732":"B","2733":"A","2734":"A","2735":"C","2736":"W","2737":";","2738":"Q","2739":"A","2740":"C","2741":"A","2742":"C","2743":",","2744":"c","2745":"A","2746":"A","2747":"Y","2748":"V","2749":";","2750":"Q","2751":"A","2752":"C","2753":"Z","2754":"D","2755":",","2756":"U","2757":"A","2758":"A","2759":"U","2760":"A","2761":",","2762":"Y","2763":"A","2764":"A","2765":"Y","2766":",","2767":"C","2768":"A","2769":"A","2770":"C","2771":"Y","2772":",","2773":"Q","2774":"A","2775":"A","2776":"Q","2777":"b","2778":";","2779":"Q","2780":"A","2781":"C","2782":"/","2783":"B","2784":"D","2785":",","2786":"I","2787":"A","2788":"A","2789":"I","2790":"A","2791":";","2792":"Q","2793":"A","2794":"C","2795":"J","2796":"C","2797":",","2798":"S","2799":"A","2800":"A","2801":"S","2802":"Q","2803":";","2804":"Q","2805":"A","2806":"C","2807":"T","2808":"X","2809":",","2810":"W","2811":"A","2812":"A","2813":"W","2814":",","2815":"C","2816":"A","2817":"A","2818":"C","2819":";","2820":";","2821":"I","2822":"A","2823":"E","2824":"X","2825":",","2826":"E","2827":"A","2828":"A","2829":"E","2830":"M","2831":",","2832":"S","2833":"A","2834":"A","2835":"S","2836":",","2837":"S","2838":"A","2839":"A","2840":"S","2841":",","2842":"8","2843":"C","2844":"A","2845":"A","2846":"8","2847":"C","2848":",","2849":"G","2850":"A","2851":"A","2852":"G","2853":";","2854":"I","2855":"A","2856":"C","2857":"r","2858":"E","2859":",","2860":"E","2861":"A","2862":"A","2863":"E","2864":"A","2865":",","2866":"S","2867":"A","2868":"A","2869":"S","2870":",","2871":"W","2872":"A","2873":"A","2874":"W","2875":",","2876":"8","2877":"C","2878":"A","2879":"A","2880":"8","2881":"C","2882":",","2883":"G","2884":"A","2885":"A","2886":"G","2887":";","2888":"I","2889":"A","2890":"C","2891":"v","2892":"E","2893":",","2894":"E","2895":"A","2896":"A","2897":"E","2898":"A","2899":",","2900":"S","2901":"A","2902":"A","2903":"S","2904":",","2905":"a","2906":"A","2907":"A","2908":"a","2909":",","2910":"o","2911":"E","2912":"A","2913":"A","2914":"o","2915":"E","2916":",","2917":"G","2918":"A","2919":"A","2920":"G","2921":";","2922":"I","2923":"A","2924":"C","2925":"/","2926":"F","2927":",","2928":"E","2929":"A","2930":"A","2931":"E","2932":"A","2933":",","2934":"S","2935":"A","2936":"A","2937":"S","2938":",","2939":"S","2940":"A","2941":"A","2942":"S","2943":",","2944":"8","2945":"C","2946":"A","2947":"A","2948":"8","2949":"C","2950":",","2951":"G","2952":"A","2953":"A","2954":"G","2955":";","2956":"I","2957":"A","2958":"C","2959":"r","2960":"E","2961":",","2962":"E","2963":"A","2964":"A","2965":"E","2966":"F","2967":",","2968":"W","2969":"A","2970":"A","2971":"W","2972":",","2973":"k","2974":"C","2975":"A","2976":"A","2977":"k","2978":"C","2979":",","2980":"G","2981":"A","2982":"A","2983":"G","2984":";","2985":";","2986":"K","2987":"A","2988":"E","2989":"j","2990":"D","2991":",","2992":"E","2993":"A","2994":"A","2995":"E","2996":"M","2997":",","2998":"U","2999":"A","3000":"A","3001":"U","3002":",","3003":"e","3004":"A","3005":"A","3006":"e","3007":",","3008":"G","3009":"A","3010":"A","3011":"G","3012":";","3013":"I","3014":"A","3015":"C","3016":"/","3017":"B","3018":",","3019":"E","3020":"A","3021":"A","3022":"E","3023":"H","3024":",","3025":"S","3026":"A","3027":"A","3028":"S","3029":",","3030":"U","3031":"A","3032":"A","3033":"U","3034":",","3035":"w","3036":"B","3037":"A","3038":"A","3039":"w","3040":"B","3041":",","3042":"G","3043":"A","3044":"A","3045":"G","3046":";","3047":"I","3048":"A","3049":"C","3050":"h","3051":"D","3052":",","3053":"E","3054":"A","3055":"A","3056":"E","3057":"A","3058":",","3059":"S","3060":"A","3061":"A","3062":"S","3063":",","3064":"W","3065":"A","3066":"A","3067":"W","3068":",","3069":"w","3070":"B","3071":"A","3072":"A","3073":"w","3074":"B","3075":",","3076":"G","3077":"A","3078":"A","3079":"G","3080":";","3081":"I","3082":"A","3083":"C","3084":"j","3085":"D","3086":",","3087":"E","3088":"A","3089":"A","3090":"E","3091":"A","3092":",","3093":"S","3094":"A","3095":"A","3096":"S","3097":",","3098":"U","3099":"A","3100":"A","3101":"U","3102":",","3103":"i","3104":"C","3105":"A","3106":"A","3107":"i","3108":"C","3109":",","3110":"G","3111":"A","3112":"A","3113":"G","3114":";","3115":";","3116":"I","3117":"A","3118":"E","3119":"z","3120":"D","3121":",","3122":"E","3123":"A","3124":"A","3125":"E","3126":",","3127":"C","3128":"A","3129":"A","3130":"C","3131":"G","3132":",","3133":"U","3134":"A","3135":"A","3136":"U","3137":",","3138":"i","3139":"B","3140":"A","3141":"A","3142":"i","3143":"B","3144":",","3145":"G","3146":"A","3147":"A","3148":"G","3149":";","3150":"I","3151":"A","3152":"C","3153":"j","3154":"C","3155":",","3156":"E","3157":"A","3158":"A","3159":"E","3160":"V","3161":",","3162":"a","3163":"A","3164":"A","3165":"a","3166":",","3167":"G","3168":"A","3169":"A","3170":"G","3171":";","3172":"I","3173":"A","3174":"C","3175":"l","3176":"B","3177":",","3178":"C","3179":"A","3180":"A","3181":"C","3182":";","3183":";","3184":"Y","3185":"A","3186":"E","3187":"D","3188":"Q","3189":",","3190":"w","3191":"B","3192":"A","3193":"A","3194":"U","3195":",","3196":"q","3197":"B","3198":"A","3199":"A","3200":"C","3201":"S","3202":";","3203":"g","3204":"B","3205":"A","3206":"A","3207":"K","3208":"j","3209":"B","3210":",","3211":"W","3212":"A","3213":"A","3214":"U","3215":";","3216":"0","3217":"B","3218":"A","3219":"A","3220":"Q","3221":"Q","3222":";","3223":";","3224":"Y","3225":"A","3226":"C","3227":"l","3228":"C","3229":"P","3230":";","3231":"Y","3232":"A","3233":"C","3234":"A","3235":"Q","3236":",","3237":"w","3238":"B","3239":"A","3240":"A","3241":"U","3242":",","3243":"q","3244":"B","3245":"A","3246":"A","3247":"C","3248":"Q","3249":";","3250":"g","3251":"B","3252":"A","3253":"A","3254":"K","3255":"j","3256":"B","3257":",","3258":"W","3259":"A","3260":"A","3261":"U","3262":";","3263":"0","3264":"B","3265":"A","3266":"A","3267":"Q","3268":"S","3269":";","3270":";","3271":";","3272":";","3273":"A","3274":"A","3275":"G","3276":"t","3277":"C","3278":";","3279":"M","3280":"A","3281":"C","3282":"A","3283":",","3284":"W","3285":"A","3286":"A","3287":"e","3288":"V","3289":"\"","3290":"}"},"_coverageSchema":"1a1c01bbd47fc00a2c39e90264f33305004495a9","hash":"2001e4e29e6949b662eb485cbe7898f68046a5aa"}
,"C:\\Users\\pol.gubau\\dev\\Mine\\package\\ui\\src\\components\\Text\\Styled.tsx": {"path":"C:\\Users\\pol.gubau\\dev\\Mine\\package\\ui\\src\\components\\Text\\Styled.tsx","statementMap":{"0":{"start":{"line":2,"column":0},"end":{"line":4,"column":3}},"1":{"start":{"line":5,"column":0},"end":{"line":10,"column":3}},"2":{"start":{"line":8,"column":8},"end":{"line":8,"column":24}},"3":{"start":{"line":11,"column":40},"end":{"line":11,"column":94}},"4":{"start":{"line":12,"column":0},"end":{"line":12,"column":38}},"5":{"start":{"line":14,"column":4},"end":{"line":16,"column":6}},"6":{"start":{"line":18,"column":19},"end":{"line":66,"column":1}},"7":{"start":{"line":37,"column":26},"end":{"line":37,"column":39}},"8":{"start":{"line":43,"column":26},"end":{"line":43,"column":39}},"9":{"start":{"line":49,"column":26},"end":{"line":49,"column":39}},"10":{"start":{"line":55,"column":26},"end":{"line":55,"column":39}},"11":{"start":{"line":59,"column":32},"end":{"line":59,"column":47}},"12":{"start":{"line":60,"column":24},"end":{"line":60,"column":39}},"13":{"start":{"line":63,"column":19},"end":{"line":63,"column":31}},"14":{"start":{"line":67,"column":17},"end":{"line":67,"column":27}}},"fnMap":{"0":{"name":"(anonymous_0)","decl":{"start":{"line":7,"column":9},"end":{"line":7,"column":10}},"loc":{"start":{"line":7,"column":20},"end":{"line":9,"column":5}},"line":7},"1":{"name":"_interop_require_default","decl":{"start":{"line":13,"column":9},"end":{"line":13,"column":33}},"loc":{"start":{"line":13,"column":39},"end":{"line":17,"column":1}},"line":13},"2":{"name":"(anonymous_2)","decl":{"start":{"line":37,"column":17},"end":{"line":37,"column":18}},"loc":{"start":{"line":37,"column":26},"end":{"line":37,"column":39}},"line":37},"3":{"name":"(anonymous_3)","decl":{"start":{"line":43,"column":17},"end":{"line":43,"column":18}},"loc":{"start":{"line":43,"column":26},"end":{"line":43,"column":39}},"line":43},"4":{"name":"(anonymous_4)","decl":{"start":{"line":49,"column":17},"end":{"line":49,"column":18}},"loc":{"start":{"line":49,"column":26},"end":{"line":49,"column":39}},"line":49},"5":{"name":"(anonymous_5)","decl":{"start":{"line":55,"column":17},"end":{"line":55,"column":18}},"loc":{"start":{"line":55,"column":26},"end":{"line":55,"column":39}},"line":55},"6":{"name":"(anonymous_6)","decl":{"start":{"line":59,"column":23},"end":{"line":59,"column":24}},"loc":{"start":{"line":59,"column":32},"end":{"line":59,"column":47}},"line":59},"7":{"name":"(anonymous_7)","decl":{"start":{"line":60,"column":15},"end":{"line":60,"column":16}},"loc":{"start":{"line":60,"column":24},"end":{"line":60,"column":39}},"line":60},"8":{"name":"(anonymous_8)","decl":{"start":{"line":63,"column":10},"end":{"line":63,"column":11}},"loc":{"start":{"line":63,"column":19},"end":{"line":63,"column":31}},"line":63}},"branchMap":{"0":{"loc":{"start":{"line":14,"column":11},"end":{"line":16,"column":5}},"type":"cond-expr","locations":[{"start":{"line":14,"column":35},"end":{"line":14,"column":38}},{"start":{"line":14,"column":41},"end":{"line":16,"column":5}}],"line":14},"1":{"loc":{"start":{"line":14,"column":11},"end":{"line":14,"column":32}},"type":"binary-expr","locations":[{"start":{"line":14,"column":11},"end":{"line":14,"column":14}},{"start":{"line":14,"column":18},"end":{"line":14,"column":32}}],"line":14}},"s":{"0":1,"1":1,"2":16,"3":1,"4":1,"5":1,"6":1,"7":16,"8":16,"9":16,"10":16,"11":16,"12":16,"13":16,"14":1},"f":{"0":16,"1":1,"2":16,"3":16,"4":16,"5":16,"6":16,"7":16,"8":16},"b":{"0":[1,0],"1":[1,1]},"inputSourceMap":{"0":"{","1":"\"","2":"v","3":"e","4":"r","5":"s","6":"i","7":"o","8":"n","9":"\"","10":":","11":"3","12":",","13":"\"","14":"s","15":"o","16":"u","17":"r","18":"c","19":"e","20":"s","21":"\"","22":":","23":"[","24":"\"","25":"C","26":":","27":"\\","28":"\\","29":"U","30":"s","31":"e","32":"r","33":"s","34":"\\","35":"\\","36":"p","37":"o","38":"l","39":".","40":"g","41":"u","42":"b","43":"a","44":"u","45":"\\","46":"\\","47":"d","48":"e","49":"v","50":"\\","51":"\\","52":"M","53":"i","54":"n","55":"e","56":"\\","57":"\\","58":"p","59":"a","60":"c","61":"k","62":"a","63":"g","64":"e","65":"\\","66":"\\","67":"u","68":"i","69":"\\","70":"\\","71":"s","72":"r","73":"c","74":"\\","75":"\\","76":"c","77":"o","78":"m","79":"p","80":"o","81":"n","82":"e","83":"n","84":"t","85":"s","86":"\\","87":"\\","88":"T","89":"e","90":"x","91":"t","92":"\\","93":"\\","94":"S","95":"t","96":"y","97":"l","98":"e","99":"d","100":".","101":"t","102":"s","103":"x","104":"\"","105":"]","106":",","107":"\"","108":"s","109":"o","110":"u","111":"r","112":"c","113":"e","114":"s","115":"C","116":"o","117":"n","118":"t","119":"e","120":"n","121":"t","122":"\"","123":":","124":"[","125":"\"","126":"i","127":"m","128":"p","129":"o","130":"r","131":"t","132":" ","133":"s","134":"t","135":"y","136":"l","137":"e","138":"d","139":" ","140":"f","141":"r","142":"o","143":"m","144":" ","145":"\\","146":"\"","147":"s","148":"t","149":"y","150":"l","151":"e","152":"d","153":"-","154":"c","155":"o","156":"m","157":"p","158":"o","159":"n","160":"e","161":"n","162":"t","163":"s","164":"\\","165":"\"","166":";","167":"\\","168":"r","169":"\\","170":"n","171":"i","172":"m","173":"p","174":"o","175":"r","176":"t","177":" ","178":"\\","179":"\"","180":".","181":".","182":"/","183":".","184":".","185":"/","186":"s","187":"t","188":"y","189":"l","190":"e","191":"/","192":"b","193":"a","194":"s","195":"e","196":"T","197":"h","198":"e","199":"m","200":"e","201":".","202":"s","203":"c","204":"s","205":"s","206":"\\","207":"\"","208":";","209":"\\","210":"r","211":"\\","212":"n","213":"i","214":"n","215":"t","216":"e","217":"r","218":"f","219":"a","220":"c","221":"e","222":" ","223":"T","224":"e","225":"x","226":"t","227":"S","228":"t","229":"y","230":"l","231":"e","232":"d","233":"P","234":"r","235":"o","236":"p","237":"s","238":" ","239":"{","240":"\\","241":"r","242":"\\","243":"n","244":"\\","245":"t","246":"$","247":"w","248":"e","249":"i","250":"g","251":"h","252":"t","253":"?","254":":","255":" ","256":"s","257":"t","258":"r","259":"i","260":"n","261":"g","262":";","263":"\\","264":"r","265":"\\","266":"n","267":"\\","268":"t","269":"$","270":"c","271":"o","272":"l","273":"o","274":"r","275":"?","276":":","277":" ","278":"s","279":"t","280":"r","281":"i","282":"n","283":"g","284":";","285":"\\","286":"r","287":"\\","288":"n","289":"\\","290":"t","291":"$","292":"m","293":"a","294":"x","295":"L","296":"i","297":"n","298":"e","299":"s","300":"?","301":":","302":" ","303":"n","304":"u","305":"m","306":"b","307":"e","308":"r","309":";","310":"\\","311":"r","312":"\\","313":"n","314":"}","315":"\\","316":"r","317":"\\","318":"n","319":"\\","320":"r","321":"\\","322":"n","323":"c","324":"o","325":"n","326":"s","327":"t","328":" ","329":"T","330":"e","331":"x","332":"t","333":"S","334":"t","335":"y","336":"l","337":"e","338":"d","339":" ","340":"=","341":" ","342":"s","343":"t","344":"y","345":"l","346":"e","347":"d","348":".","349":"d","350":"i","351":"v","352":"<","353":"T","354":"e","355":"x","356":"t","357":"S","358":"t","359":"y","360":"l","361":"e","362":"d","363":"P","364":"r","365":"o","366":"p","367":"s","368":">","369":"`","370":"\\","371":"r","372":"\\","373":"n","374":"\\","375":"t","376":"h","377":"1","378":" ","379":"{","380":"\\","381":"r","382":"\\","383":"n","384":"\\","385":"t","386":"\\","387":"t","388":"f","389":"o","390":"n","391":"t","392":"-","393":"s","394":"i","395":"z","396":"e","397":":","398":" ","399":"2","400":".","401":"5","402":"r","403":"e","404":"m","405":";","406":"\\","407":"r","408":"\\","409":"n","410":"\\","411":"t","412":"\\","413":"t","414":"m","415":"a","416":"r","417":"g","418":"i","419":"n","420":":","421":" ","422":"0","423":";","424":"\\","425":"r","426":"\\","427":"n","428":"\\","429":"t","430":"}","431":"\\","432":"r","433":"\\","434":"n","435":"\\","436":"r","437":"\\","438":"n","439":"\\","440":"t","441":"h","442":"2","443":" ","444":"{","445":"\\","446":"r","447":"\\","448":"n","449":"\\","450":"t","451":"\\","452":"t","453":"f","454":"o","455":"n","456":"t","457":"-","458":"s","459":"i","460":"z","461":"e","462":":","463":" ","464":"2","465":"r","466":"e","467":"m","468":";","469":"\\","470":"r","471":"\\","472":"n","473":"\\","474":"t","475":"\\","476":"t","477":"m","478":"a","479":"r","480":"g","481":"i","482":"n","483":":","484":" ","485":"0","486":";","487":"\\","488":"r","489":"\\","490":"n","491":"\\","492":"t","493":"}","494":"\\","495":"r","496":"\\","497":"n","498":"\\","499":"r","500":"\\","501":"n","502":"\\","503":"t","504":"h","505":"3","506":" ","507":"{","508":"\\","509":"r","510":"\\","511":"n","512":"\\","513":"t","514":"\\","515":"t","516":"f","517":"o","518":"n","519":"t","520":"-","521":"s","522":"i","523":"z","524":"e","525":":","526":" ","527":"1","528":".","529":"7","530":"5","531":"r","532":"e","533":"m","534":";","535":"\\","536":"r","537":"\\","538":"n","539":"\\","540":"t","541":"\\","542":"t","543":"m","544":"a","545":"r","546":"g","547":"i","548":"n","549":":","550":" ","551":"0","552":";","553":"\\","554":"r","555":"\\","556":"n","557":"\\","558":"t","559":"}","560":"\\","561":"r","562":"\\","563":"n","564":"\\","565":"r","566":"\\","567":"n","568":"\\","569":"t","570":"h","571":"4","572":" ","573":"{","574":"\\","575":"r","576":"\\","577":"n","578":"\\","579":"t","580":"\\","581":"t","582":"f","583":"o","584":"n","585":"t","586":"-","587":"s","588":"i","589":"z","590":"e","591":":","592":" ","593":"1","594":".","595":"5","596":"r","597":"e","598":"m","599":";","600":"\\","601":"r","602":"\\","603":"n","604":"\\","605":"t","606":"\\","607":"t","608":"m","609":"a","610":"r","611":"g","612":"i","613":"n","614":":","615":" ","616":"0","617":";","618":"\\","619":"r","620":"\\","621":"n","622":"\\","623":"t","624":"\\","625":"t","626":"f","627":"o","628":"n","629":"t","630":"-","631":"w","632":"e","633":"i","634":"g","635":"h","636":"t","637":":","638":" ","639":"$","640":"{","641":"(","642":"p","643":"r","644":"o","645":"p","646":"s","647":")","648":" ","649":"=","650":">","651":" ","652":"p","653":"r","654":"o","655":"p","656":"s","657":".","658":"$","659":"w","660":"e","661":"i","662":"g","663":"h","664":"t","665":"}","666":";","667":"\\","668":"r","669":"\\","670":"n","671":"\\","672":"t","673":"}","674":"\\","675":"r","676":"\\","677":"n","678":"\\","679":"r","680":"\\","681":"n","682":"\\","683":"t","684":"h","685":"5","686":" ","687":"{","688":"\\","689":"r","690":"\\","691":"n","692":"\\","693":"t","694":"\\","695":"t","696":"f","697":"o","698":"n","699":"t","700":"-","701":"s","702":"i","703":"z","704":"e","705":":","706":" ","707":"1","708":".","709":"2","710":"5","711":"r","712":"e","713":"m","714":";","715":"\\","716":"r","717":"\\","718":"n","719":"\\","720":"t","721":"\\","722":"t","723":"m","724":"a","725":"r","726":"g","727":"i","728":"n","729":":","730":" ","731":"0","732":";","733":"\\","734":"r","735":"\\","736":"n","737":"\\","738":"t","739":"\\","740":"t","741":"f","742":"o","743":"n","744":"t","745":"-","746":"w","747":"e","748":"i","749":"g","750":"h","751":"t","752":":","753":" ","754":"$","755":"{","756":"(","757":"p","758":"r","759":"o","760":"p","761":"s","762":")","763":" ","764":"=","765":">","766":" ","767":"p","768":"r","769":"o","770":"p","771":"s","772":".","773":"$","774":"w","775":"e","776":"i","777":"g","778":"h","779":"t","780":"}","781":";","782":"\\","783":"r","784":"\\","785":"n","786":"\\","787":"t","788":"}","789":"\\","790":"r","791":"\\","792":"n","793":"\\","794":"r","795":"\\","796":"n","797":"\\","798":"t","799":"h","800":"6","801":" ","802":"{","803":"\\","804":"r","805":"\\","806":"n","807":"\\","808":"t","809":"\\","810":"t","811":"f","812":"o","813":"n","814":"t","815":"-","816":"s","817":"i","818":"z","819":"e","820":":","821":" ","822":"1","823":"r","824":"e","825":"m","826":";","827":"\\","828":"r","829":"\\","830":"n","831":"\\","832":"t","833":"\\","834":"t","835":"m","836":"a","837":"r","838":"g","839":"i","840":"n","841":":","842":" ","843":"0","844":";","845":"\\","846":"r","847":"\\","848":"n","849":"\\","850":"t","851":"\\","852":"t","853":"f","854":"o","855":"n","856":"t","857":"-","858":"w","859":"e","860":"i","861":"g","862":"h","863":"t","864":":","865":" ","866":"$","867":"{","868":"(","869":"p","870":"r","871":"o","872":"p","873":"s","874":")","875":" ","876":"=","877":">","878":" ","879":"p","880":"r","881":"o","882":"p","883":"s","884":".","885":"$","886":"w","887":"e","888":"i","889":"g","890":"h","891":"t","892":"}","893":";","894":"\\","895":"r","896":"\\","897":"n","898":"\\","899":"t","900":"}","901":"\\","902":"r","903":"\\","904":"n","905":"\\","906":"r","907":"\\","908":"n","909":"\\","910":"t","911":"p","912":" ","913":"{","914":"\\","915":"r","916":"\\","917":"n","918":"\\","919":"t","920":"\\","921":"t","922":"f","923":"o","924":"n","925":"t","926":"-","927":"s","928":"i","929":"z","930":"e","931":":","932":" ","933":"1","934":"r","935":"e","936":"m","937":";","938":"\\","939":"r","940":"\\","941":"n","942":"\\","943":"t","944":"\\","945":"t","946":"m","947":"a","948":"r","949":"g","950":"i","951":"n","952":":","953":" ","954":"0","955":";","956":"\\","957":"r","958":"\\","959":"n","960":"\\","961":"t","962":"\\","963":"t","964":"f","965":"o","966":"n","967":"t","968":"-","969":"w","970":"e","971":"i","972":"g","973":"h","974":"t","975":":","976":" ","977":"$","978":"{","979":"(","980":"p","981":"r","982":"o","983":"p","984":"s","985":")","986":" ","987":"=","988":">","989":" ","990":"p","991":"r","992":"o","993":"p","994":"s","995":".","996":"$","997":"w","998":"e","999":"i","1000":"g","1001":"h","1002":"t","1003":"}","1004":";","1005":"\\","1006":"r","1007":"\\","1008":"n","1009":"\\","1010":"t","1011":"}","1012":"\\","1013":"r","1014":"\\","1015":"n","1016":"\\","1017":"t","1018":"o","1019":"v","1020":"e","1021":"r","1022":"f","1023":"l","1024":"o","1025":"w","1026":":","1027":" ","1028":"h","1029":"i","1030":"d","1031":"d","1032":"e","1033":"n","1034":";","1035":"\\","1036":"r","1037":"\\","1038":"n","1039":"\\","1040":"t","1041":"d","1042":"i","1043":"s","1044":"p","1045":"l","1046":"a","1047":"y","1048":":","1049":" ","1050":"-","1051":"w","1052":"e","1053":"b","1054":"k","1055":"i","1056":"t","1057":"-","1058":"b","1059":"o","1060":"x","1061":";","1062":"\\","1063":"r","1064":"\\","1065":"n","1066":"\\","1067":"t","1068":"-","1069":"w","1070":"e","1071":"b","1072":"k","1073":"i","1074":"t","1075":"-","1076":"l","1077":"i","1078":"n","1079":"e","1080":"-","1081":"c","1082":"l","1083":"a","1084":"m","1085":"p","1086":":","1087":" ","1088":"$","1089":"{","1090":"(","1091":"p","1092":"r","1093":"o","1094":"p","1095":"s","1096":")","1097":" ","1098":"=","1099":">","1100":" ","1101":"p","1102":"r","1103":"o","1104":"p","1105":"s","1106":".","1107":"$","1108":"m","1109":"a","1110":"x","1111":"L","1112":"i","1113":"n","1114":"e","1115":"s","1116":"}","1117":";","1118":"\\","1119":"r","1120":"\\","1121":"n","1122":"\\","1123":"t","1124":"l","1125":"i","1126":"n","1127":"e","1128":"-","1129":"c","1130":"l","1131":"a","1132":"m","1133":"p","1134":":","1135":" ","1136":"$","1137":"{","1138":"(","1139":"p","1140":"r","1141":"o","1142":"p","1143":"s","1144":")","1145":" ","1146":"=","1147":">","1148":" ","1149":"p","1150":"r","1151":"o","1152":"p","1153":"s","1154":".","1155":"$","1156":"m","1157":"a","1158":"x","1159":"L","1160":"i","1161":"n","1162":"e","1163":"s","1164":"}","1165":";","1166":"\\","1167":"r","1168":"\\","1169":"n","1170":"\\","1171":"t","1172":"-","1173":"w","1174":"e","1175":"b","1176":"k","1177":"i","1178":"t","1179":"-","1180":"b","1181":"o","1182":"x","1183":"-","1184":"o","1185":"r","1186":"i","1187":"e","1188":"n","1189":"t","1190":":","1191":" ","1192":"v","1193":"e","1194":"r","1195":"t","1196":"i","1197":"c","1198":"a","1199":"l","1200":";","1201":"\\","1202":"r","1203":"\\","1204":"n","1205":"\\","1206":"r","1207":"\\","1208":"n","1209":"\\","1210":"t","1211":"c","1212":"o","1213":"l","1214":"o","1215":"r","1216":":","1217":" ","1218":"$","1219":"{","1220":"(","1221":"p","1222":"r","1223":"o","1224":"p","1225":"s","1226":")","1227":" ","1228":"=","1229":">","1230":" ","1231":"p","1232":"r","1233":"o","1234":"p","1235":"s","1236":".","1237":"$","1238":"c","1239":"o","1240":"l","1241":"o","1242":"r","1243":"}","1244":";","1245":"\\","1246":"r","1247":"\\","1248":"n","1249":"\\","1250":"t","1251":"m","1252":"a","1253":"r","1254":"g","1255":"i","1256":"n","1257":":","1258":" ","1259":"0","1260":";","1261":"\\","1262":"r","1263":"\\","1264":"n","1265":"\\","1266":"t","1267":"p","1268":"a","1269":"d","1270":"d","1271":"i","1272":"n","1273":"g","1274":":","1275":" ","1276":"0","1277":";","1278":"\\","1279":"r","1280":"\\","1281":"n","1282":"`","1283":";","1284":"\\","1285":"r","1286":"\\","1287":"n","1288":"\\","1289":"r","1290":"\\","1291":"n","1292":"e","1293":"x","1294":"p","1295":"o","1296":"r","1297":"t","1298":" ","1299":"d","1300":"e","1301":"f","1302":"a","1303":"u","1304":"l","1305":"t","1306":" ","1307":"T","1308":"e","1309":"x","1310":"t","1311":"S","1312":"t","1313":"y","1314":"l","1315":"e","1316":"d","1317":";","1318":"\\","1319":"r","1320":"\\","1321":"n","1322":"\"","1323":"]","1324":",","1325":"\"","1326":"n","1327":"a","1328":"m","1329":"e","1330":"s","1331":"\"","1332":":","1333":"[","1334":"\"","1335":"T","1336":"e","1337":"x","1338":"t","1339":"S","1340":"t","1341":"y","1342":"l","1343":"e","1344":"d","1345":"\"","1346":",","1347":"\"","1348":"s","1349":"t","1350":"y","1351":"l","1352":"e","1353":"d","1354":"\"","1355":",","1356":"\"","1357":"d","1358":"i","1359":"v","1360":"\"","1361":",","1362":"\"","1363":"p","1364":"r","1365":"o","1366":"p","1367":"s","1368":"\"","1369":",","1370":"\"","1371":"$","1372":"w","1373":"e","1374":"i","1375":"g","1376":"h","1377":"t","1378":"\"","1379":",","1380":"\"","1381":"$","1382":"m","1383":"a","1384":"x","1385":"L","1386":"i","1387":"n","1388":"e","1389":"s","1390":"\"","1391":",","1392":"\"","1393":"$","1394":"c","1395":"o","1396":"l","1397":"o","1398":"r","1399":"\"","1400":"]","1401":",","1402":"\"","1403":"m","1404":"a","1405":"p","1406":"p","1407":"i","1408":"n","1409":"g","1410":"s","1411":"\"","1412":":","1413":"\"","1414":";","1415":";","1416":";","1417":";","1418":"+","1419":"B","1420":"A","1421":"0","1422":"D","1423":"A","1424":";","1425":";","1426":";","1427":"e","1428":"A","1429":"A","1430":"A","1431":";","1432":";","1433":";","1434":"y","1435":"E","1436":"A","1437":"1","1438":"D","1439":"m","1440":"B","1441":";","1442":"Q","1443":"A","1444":"C","1445":"Z","1446":";","1447":";","1448":";","1449":";","1450":";","1451":";","1452":"A","1453":"A","1454":"O","1455":"P","1456":",","1457":"M","1458":"A","1459":"A","1460":"M","1461":"A","1462":",","1463":"a","1464":"A","1465":"A","1466":"a","1467":"C","1468":",","1469":"0","1470":"B","1471":"A","1472":"A","1473":"O","1474":"C","1475":",","1476":"G","1477":"A","1478":"A","1479":"o","1480":"B","1481":",","1482":"C","1483":"A","1484":"A","1485":"C","1486":";","1487":";","1488":";","1489":";","1490":";","1491":";","1492":";","1493":";","1494":";","1495":";","1496":";","1497":";","1498":";","1499":";","1500":";","1501":";","1502":";","1503":";","1504":";","1505":"e","1506":"A","1507":"m","1508":"B","1509":"h","1510":"C","1511":",","1512":"E","1513":"A","1514":"A","1515":"E","1516":",","1517":"C","1518":"A","1519":"A","1520":"C","1521":"C","1522":",","1523":"Q","1524":"A","1525":"A","1526":"U","1527":"A","1528":",","1529":"M","1530":"A","1531":"A","1532":"M","1533":"C","1534":",","1535":"Q","1536":"A","1537":"A","1538":"Q","1539":";","1540":";","1541":";","1542":";","1543":";","1544":";","1545":"e","1546":"A","1547":"M","1548":"3","1549":"B","1550":",","1551":"E","1552":"A","1553":"A","1554":"E","1555":",","1556":"C","1557":"A","1558":"A","1559":"C","1560":"D","1561":",","1562":"Q","1563":"A","1564":"A","1565":"U","1566":"A","1567":",","1568":"M","1569":"A","1570":"A","1571":"M","1572":"C","1573":",","1574":"Q","1575":"A","1576":"A","1577":"Q","1578":";","1579":";","1580":";","1581":";","1582":";","1583":";","1584":"e","1585":"A","1586":"M","1587":"3","1588":"B","1589":",","1590":"E","1591":"A","1592":"A","1593":"E","1594":",","1595":"C","1596":"A","1597":"A","1598":"C","1599":"D","1600":",","1601":"Q","1602":"A","1603":"A","1604":"U","1605":"A","1606":",","1607":"M","1608":"A","1609":"A","1610":"M","1611":"C","1612":",","1613":"Q","1614":"A","1615":"A","1616":"Q","1617":";","1618":";","1619":";","1620":";","1621":";","1622":";","1623":"e","1624":"A","1625":"M","1626":"3","1627":"B","1628":",","1629":"E","1630":"A","1631":"A","1632":"E","1633":",","1634":"C","1635":"A","1636":"A","1637":"C","1638":"D","1639":",","1640":"Q","1641":"A","1642":"A","1643":"U","1644":"A","1645":",","1646":"M","1647":"A","1648":"A","1649":"M","1650":"C","1651":",","1652":"Q","1653":"A","1654":"A","1655":"Q","1656":";","1657":";","1658":";","1659":";","1660":"q","1661":"B","1662":"A","1663":"I","1664":"r","1665":"B","1666":",","1667":"E","1668":"A","1669":"A","1670":"E","1671":",","1672":"C","1673":"A","1674":"A","1675":"C","1676":"D","1677":",","1678":"Q","1679":"A","1680":"A","1681":"U","1682":"A","1683":",","1684":"M","1685":"A","1686":"A","1687":"M","1688":"E","1689":",","1690":"U","1691":"A","1692":"A","1693":"U","1694":";","1695":"a","1696":"A","1697":"C","1698":"r","1699":"C","1700":",","1701":"E","1702":"A","1703":"A","1704":"E","1705":",","1706":"C","1707":"A","1708":"A","1709":"C","1710":"F","1711":",","1712":"Q","1713":"A","1714":"A","1715":"U","1716":"A","1717":",","1718":"M","1719":"A","1720":"A","1721":"M","1722":"E","1723":",","1724":"U","1725":"A","1726":"A","1727":"U","1728":";","1729":";","1730":";","1731":"Q","1732":"A","1733":"G","1734":"l","1735":"C","1736":",","1737":"E","1738":"A","1739":"A","1740":"E","1741":",","1742":"C","1743":"A","1744":"A","1745":"C","1746":"F","1747":",","1748":"Q","1749":"A","1750":"A","1751":"U","1752":"A","1753":",","1754":"M","1755":"A","1756":"A","1757":"M","1758":"G","1759":",","1760":"O","1761":"A","1762":"A","1763":"O","1764":";","1765":";","1766":";","1767":"A","1768":"A","1769":"G","1770":"l","1771":"C","1772":",","1773":"C","1774":"A","1775":"A","1776":"C","1777":";","1778":"M","1779":"A","1780":"E","1781":"D","1782":",","1783":"W","1784":"A","1785":"A","1786":"e","1787":"N","1788":"\"","1789":"}"},"_coverageSchema":"1a1c01bbd47fc00a2c39e90264f33305004495a9","hash":"4b1248375640c8decc62f5430dcb1e8ff9d67d01"}
,"C:\\Users\\pol.gubau\\dev\\Mine\\package\\ui\\src\\components\\Text\\Text.tsx": {"path":"C:\\Users\\pol.gubau\\dev\\Mine\\package\\ui\\src\\components\\Text\\Text.tsx","statementMap":{"0":{"start":{"line":2,"column":0},"end":{"line":4,"column":3}},"1":{"start":{"line":5,"column":0},"end":{"line":10,"column":3}},"2":{"start":{"line":8,"column":8},"end":{"line":8,"column":24}},"3":{"start":{"line":11,"column":20},"end":{"line":11,"column":48}},"4":{"start":{"line":12,"column":29},"end":{"line":12,"column":71}},"5":{"start":{"line":13,"column":30},"end":{"line":13,"column":75}},"6":{"start":{"line":14,"column":23},"end":{"line":14,"column":50}},"7":{"start":{"line":15,"column":0},"end":{"line":15,"column":38}},"8":{"start":{"line":17,"column":4},"end":{"line":19,"column":6}},"9":{"start":{"line":21,"column":13},"end":{"line":41,"column":1}},"10":{"start":{"line":22,"column":24},"end":{"line":25,"column":6}},"11":{"start":{"line":26,"column":22},"end":{"line":30,"column":6}},"12":{"start":{"line":31,"column":4},"end":{"line":40,"column":7}},"13":{"start":{"line":42,"column":17},"end":{"line":42,"column":21}}},"fnMap":{"0":{"name":"(anonymous_0)","decl":{"start":{"line":7,"column":9},"end":{"line":7,"column":10}},"loc":{"start":{"line":7,"column":20},"end":{"line":9,"column":5}},"line":7},"1":{"name":"_interop_require_default","decl":{"start":{"line":16,"column":9},"end":{"line":16,"column":33}},"loc":{"start":{"line":16,"column":39},"end":{"line":20,"column":1}},"line":16},"2":{"name":"(anonymous_2)","decl":{"start":{"line":21,"column":13},"end":{"line":21,"column":14}},"loc":{"start":{"line":21,"column":162},"end":{"line":41,"column":1}},"line":21}},"branchMap":{"0":{"loc":{"start":{"line":17,"column":11},"end":{"line":19,"column":5}},"type":"cond-expr","locations":[{"start":{"line":17,"column":35},"end":{"line":17,"column":38}},{"start":{"line":17,"column":41},"end":{"line":19,"column":5}}],"line":17},"1":{"loc":{"start":{"line":17,"column":11},"end":{"line":17,"column":32}},"type":"binary-expr","locations":[{"start":{"line":17,"column":11},"end":{"line":17,"column":14}},{"start":{"line":17,"column":18},"end":{"line":17,"column":32}}],"line":17},"2":{"loc":{"start":{"line":21,"column":31},"end":{"line":21,"column":47}},"type":"default-arg","locations":[{"start":{"line":21,"column":38},"end":{"line":21,"column":47}}],"line":21},"3":{"loc":{"start":{"line":21,"column":50},"end":{"line":21,"column":62}},"type":"default-arg","locations":[{"start":{"line":21,"column":60},"end":{"line":21,"column":62}}],"line":21},"4":{"loc":{"start":{"line":21,"column":65},"end":{"line":21,"column":79}},"type":"default-arg","locations":[{"start":{"line":21,"column":76},"end":{"line":21,"column":79}}],"line":21},"5":{"loc":{"start":{"line":21,"column":82},"end":{"line":21,"column":99}},"type":"default-arg","locations":[{"start":{"line":21,"column":94},"end":{"line":21,"column":99}}],"line":21},"6":{"loc":{"start":{"line":21,"column":102},"end":{"line":21,"column":122}},"type":"default-arg","locations":[{"start":{"line":21,"column":113},"end":{"line":21,"column":122}}],"line":21},"7":{"loc":{"start":{"line":21,"column":125},"end":{"line":21,"column":140}},"type":"default-arg","locations":[{"start":{"line":21,"column":135},"end":{"line":21,"column":140}}],"line":21},"8":{"loc":{"start":{"line":21,"column":143},"end":{"line":21,"column":156}},"type":"default-arg","locations":[{"start":{"line":21,"column":151},"end":{"line":21,"column":156}}],"line":21},"9":{"loc":{"start":{"line":33,"column":6},"end":{"line":33,"column":31}},"type":"cond-expr","locations":[{"start":{"line":33,"column":15},"end":{"line":33,"column":26}},{"start":{"line":33,"column":29},"end":{"line":33,"column":31}}],"line":33},"10":{"loc":{"start":{"line":34,"column":6},"end":{"line":34,"column":30}},"type":"cond-expr","locations":[{"start":{"line":34,"column":17},"end":{"line":34,"column":25}},{"start":{"line":34,"column":28},"end":{"line":34,"column":30}}],"line":34}},"s":{"0":1,"1":1,"2":16,"3":1,"4":1,"5":1,"6":1,"7":1,"8":2,"9":1,"10":16,"11":16,"12":16,"13":1},"f":{"0":16,"1":2,"2":16},"b":{"0":[1,1],"1":[2,2],"2":[16],"3":[16],"4":[15],"5":[15],"6":[16],"7":[14],"8":[14],"9":[1,15],"10":[1,15]},"inputSourceMap":{"0":"{","1":"\"","2":"v","3":"e","4":"r","5":"s","6":"i","7":"o","8":"n","9":"\"","10":":","11":"3","12":",","13":"\"","14":"s","15":"o","16":"u","17":"r","18":"c","19":"e","20":"s","21":"\"","22":":","23":"[","24":"\"","25":"C","26":":","27":"\\","28":"\\","29":"U","30":"s","31":"e","32":"r","33":"s","34":"\\","35":"\\","36":"p","37":"o","38":"l","39":".","40":"g","41":"u","42":"b","43":"a","44":"u","45":"\\","46":"\\","47":"d","48":"e","49":"v","50":"\\","51":"\\","52":"M","53":"i","54":"n","55":"e","56":"\\","57":"\\","58":"p","59":"a","60":"c","61":"k","62":"a","63":"g","64":"e","65":"\\","66":"\\","67":"u","68":"i","69":"\\","70":"\\","71":"s","72":"r","73":"c","74":"\\","75":"\\","76":"c","77":"o","78":"m","79":"p","80":"o","81":"n","82":"e","83":"n","84":"t","85":"s","86":"\\","87":"\\","88":"T","89":"e","90":"x","91":"t","92":"\\","93":"\\","94":"T","95":"e","96":"x","97":"t","98":".","99":"t","100":"s","101":"x","102":"\"","103":"]","104":",","105":"\"","106":"s","107":"o","108":"u","109":"r","110":"c","111":"e","112":"s","113":"C","114":"o","115":"n","116":"t","117":"e","118":"n","119":"t","120":"\"","121":":","122":"[","123":"\"","124":"i","125":"m","126":"p","127":"o","128":"r","129":"t","130":" ","131":"R","132":"e","133":"a","134":"c","135":"t","136":" ","137":"f","138":"r","139":"o","140":"m","141":" ","142":"\\","143":"\"","144":"r","145":"e","146":"a","147":"c","148":"t","149":"\\","150":"\"","151":";","152":"\\","153":"r","154":"\\","155":"n","156":"i","157":"m","158":"p","159":"o","160":"r","161":"t","162":" ","163":"T","164":"e","165":"x","166":"t","167":"S","168":"t","169":"y","170":"l","171":"e","172":"d","173":" ","174":"f","175":"r","176":"o","177":"m","178":" ","179":"\\","180":"\"","181":".","182":"/","183":"S","184":"t","185":"y","186":"l","187":"e","188":"d","189":"\\","190":"\"","191":";","192":"\\","193":"r","194":"\\","195":"n","196":"i","197":"m","198":"p","199":"o","200":"r","201":"t","202":" ","203":"{","204":" ","205":"s","206":"h","207":"o","208":"r","209":"t","210":"e","211":"r","212":"T","213":"e","214":"x","215":"t","216":",","217":" ","218":"t","219":"e","220":"x","221":"t","222":"S","223":"i","224":"z","225":"e","226":"r","227":" ","228":"}","229":" ","230":"f","231":"r","232":"o","233":"m","234":" ","235":"\\","236":"\"","237":".","238":"/","239":"t","240":"e","241":"x","242":"t","243":".","244":"f","245":"u","246":"n","247":"c","248":"t","249":"i","250":"o","251":"n","252":"s","253":"\\","254":"\"","255":";","256":"\\","257":"r","258":"\\","259":"n","260":"i","261":"m","262":"p","263":"o","264":"r","265":"t","266":" ","267":"\\","268":"\"","269":".","270":".","271":"/","272":".","273":".","274":"/","275":"s","276":"t","277":"y","278":"l","279":"e","280":"/","281":"b","282":"a","283":"s","284":"e","285":"T","286":"h","287":"e","288":"m","289":"e","290":".","291":"s","292":"c","293":"s","294":"s","295":"\\","296":"\"","297":";","298":"\\","299":"r","300":"\\","301":"n","302":"i","303":"n","304":"t","305":"e","306":"r","307":"f","308":"a","309":"c","310":"e","311":" ","312":"P","313":"r","314":"o","315":"p","316":"s","317":" ","318":"{","319":"\\","320":"r","321":"\\","322":"n","323":"\\","324":"t","325":"s","326":"i","327":"z","328":"e","329":"?","330":":","331":" ","332":"n","333":"u","334":"m","335":"b","336":"e","337":"r","338":";","339":"\\","340":"r","341":"\\","342":"n","343":"\\","344":"t","345":"i","346":"s","347":"B","348":"o","349":"l","350":"d","351":"?","352":":","353":" ","354":"b","355":"o","356":"o","357":"l","358":"e","359":"a","360":"n","361":";","362":"\\","363":"r","364":"\\","365":"n","366":"\\","367":"t","368":"i","369":"s","370":"I","371":"t","372":"a","373":"l","374":"i","375":"c","376":"?","377":":","378":" ","379":"b","380":"o","381":"o","382":"l","383":"e","384":"a","385":"n","386":";","387":"\\","388":"r","389":"\\","390":"n","391":"\\","392":"t","393":"c","394":"o","395":"l","396":"o","397":"r","398":"?","399":":","400":" ","401":"s","402":"t","403":"r","404":"i","405":"n","406":"g","407":";","408":"\\","409":"r","410":"\\","411":"n","412":"\\","413":"t","414":"v","415":"a","416":"l","417":"u","418":"e","419":":","420":" ","421":"s","422":"t","423":"r","424":"i","425":"n","426":"g","427":";","428":"\\","429":"r","430":"\\","431":"n","432":"\\","433":"t","434":"m","435":"a","436":"x","437":"L","438":"i","439":"n","440":"e","441":"s","442":"?","443":":","444":" ","445":"n","446":"u","447":"m","448":"b","449":"e","450":"r","451":";","452":"\\","453":"r","454":"\\","455":"n","456":"\\","457":"t","458":"m","459":"a","460":"x","461":"L","462":"e","463":"n","464":"g","465":"t","466":"h","467":"?","468":":","469":" ","470":"n","471":"u","472":"m","473":"b","474":"e","475":"r","476":";","477":"\\","478":"r","479":"\\","480":"n","481":"\\","482":"t","483":"i","484":"s","485":"M","486":"a","487":"r","488":"k","489":"d","490":"o","491":"w","492":"n","493":"?","494":":","495":" ","496":"b","497":"o","498":"o","499":"l","500":"e","501":"a","502":"n","503":";","504":"\\","505":"r","506":"\\","507":"n","508":"\\","509":"t","510":"c","511":"l","512":"a","513":"s","514":"s","515":"N","516":"a","517":"m","518":"e","519":"?","520":":","521":" ","522":"s","523":"t","524":"r","525":"i","526":"n","527":"g","528":";","529":"\\","530":"r","531":"\\","532":"n","533":"}","534":"\\","535":"r","536":"\\","537":"n","538":"\\","539":"r","540":"\\","541":"n","542":"c","543":"o","544":"n","545":"s","546":"t","547":" ","548":"T","549":"e","550":"x","551":"t","552":":","553":" ","554":"R","555":"e","556":"a","557":"c","558":"t","559":".","560":"F","561":"C","562":"<","563":"P","564":"r","565":"o","566":"p","567":"s","568":">","569":" ","570":"=","571":" ","572":"(","573":"{","574":"\\","575":"r","576":"\\","577":"n","578":"\\","579":"t","580":"v","581":"a","582":"l","583":"u","584":"e","585":",","586":" ","587":"/","588":"/","589":" ","590":"T","591":"e","592":"x","593":"t","594":" ","595":"t","596":"o","597":" ","598":"b","599":"e","600":" ","601":"d","602":"i","603":"s","604":"p","605":"l","606":"a","607":"y","608":"e","609":"d","610":"\\","611":"r","612":"\\","613":"n","614":"\\","615":"t","616":"s","617":"i","618":"z","619":"e","620":",","621":" ","622":"/","623":"/","624":" ","625":"S","626":"i","627":"z","628":"e","629":" ","630":"o","631":"f","632":" ","633":"t","634":"h","635":"e","636":" ","637":"t","638":"e","639":"x","640":"t","641":"\\","642":"r","643":"\\","644":"n","645":"\\","646":"t","647":"c","648":"o","649":"l","650":"o","651":"r","652":" ","653":"=","654":" ","655":"u","656":"n","657":"d","658":"e","659":"f","660":"i","661":"n","662":"e","663":"d","664":",","665":" ","666":"/","667":"/","668":" ","669":"C","670":"o","671":"l","672":"o","673":"r","674":" ","675":"o","676":"f","677":" ","678":"t","679":"h","680":"e","681":" ","682":"t","683":"e","684":"x","685":"t","686":"\\","687":"r","688":"\\","689":"n","690":"\\","691":"t","692":"m","693":"a","694":"x","695":"L","696":"i","697":"n","698":"e","699":"s","700":" ","701":"=","702":" ","703":"9","704":"9","705":",","706":" ","707":"/","708":"/","709":" ","710":"M","711":"a","712":"x","713":" ","714":"l","715":"i","716":"n","717":"e","718":"s","719":" ","720":"o","721":"f","722":" ","723":"t","724":"h","725":"e","726":" ","727":"t","728":"e","729":"x","730":"t","731":"\\","732":"r","733":"\\","734":"n","735":"\\","736":"t","737":"m","738":"a","739":"x","740":"L","741":"e","742":"n","743":"g","744":"t","745":"h","746":" ","747":"=","748":" ","749":"9","750":"9","751":"9","752":",","753":" ","754":"/","755":"/","756":" ","757":"M","758":"a","759":"x","760":" ","761":"l","762":"e","763":"n","764":"g","765":"t","766":"h","767":" ","768":"o","769":"f","770":" ","771":"t","772":"h","773":"e","774":" ","775":"t","776":"e","777":"x","778":"t","779":"\\","780":"r","781":"\\","782":"n","783":"\\","784":"t","785":"i","786":"s","787":"M","788":"a","789":"r","790":"k","791":"d","792":"o","793":"w","794":"n","795":" ","796":"=","797":" ","798":"f","799":"a","800":"l","801":"s","802":"e","803":",","804":" ","805":"/","806":"/","807":" ","808":"I","809":"f","810":" ","811":"t","812":"h","813":"e","814":" ","815":"t","816":"e","817":"x","818":"t","819":" ","820":"i","821":"s","822":" ","823":"m","824":"a","825":"r","826":"k","827":"d","828":"o","829":"w","830":"n","831":"\\","832":"r","833":"\\","834":"n","835":"\\","836":"t","837":"c","838":"l","839":"a","840":"s","841":"s","842":"N","843":"a","844":"m","845":"e","846":" ","847":"=","848":" ","849":"u","850":"n","851":"d","852":"e","853":"f","854":"i","855":"n","856":"e","857":"d","858":",","859":" ","860":"/","861":"/","862":" ","863":"C","864":"l","865":"a","866":"s","867":"s","868":" ","869":"n","870":"a","871":"m","872":"e","873":" ","874":"o","875":"f","876":" ","877":"t","878":"h","879":"e","880":" ","881":"t","882":"e","883":"x","884":"t","885":"\\","886":"r","887":"\\","888":"n","889":"\\","890":"t","891":"i","892":"s","893":"I","894":"t","895":"a","896":"l","897":"i","898":"c","899":" ","900":"=","901":" ","902":"f","903":"a","904":"l","905":"s","906":"e","907":",","908":" ","909":"/","910":"/","911":" ","912":"I","913":"f","914":" ","915":"t","916":"h","917":"e","918":" ","919":"t","920":"e","921":"x","922":"t","923":" ","924":"i","925":"s","926":" ","927":"i","928":"t","929":"a","930":"l","931":"i","932":"c","933":"\\","934":"r","935":"\\","936":"n","937":"\\","938":"t","939":"i","940":"s","941":"B","942":"o","943":"l","944":"d","945":" ","946":"=","947":" ","948":"f","949":"a","950":"l","951":"s","952":"e","953":",","954":" ","955":"/","956":"/","957":" ","958":"I","959":"f","960":" ","961":"t","962":"h","963":"e","964":" ","965":"t","966":"e","967":"x","968":"t","969":" ","970":"i","971":"s","972":" ","973":"b","974":"o","975":"l","976":"d","977":"\\","978":"r","979":"\\","980":"n","981":"}","982":")","983":":","984":" ","985":"J","986":"S","987":"X","988":".","989":"E","990":"l","991":"e","992":"m","993":"e","994":"n","995":"t","996":" ","997":"=","998":">","999":" ","1000":"{","1001":"\\","1002":"r","1003":"\\","1004":"n","1005":"\\","1006":"t","1007":"c","1008":"o","1009":"n","1010":"s","1011":"t","1012":" ","1013":"s","1014":"h","1015":"o","1016":"r","1017":"t","1018":"e","1019":"d","1020":"T","1021":"e","1022":"x","1023":"t","1024":" ","1025":"=","1026":" ","1027":"s","1028":"h","1029":"o","1030":"r","1031":"t","1032":"e","1033":"r","1034":"T","1035":"e","1036":"x","1037":"t","1038":"(","1039":"{","1040":" ","1041":"v","1042":"a","1043"
[...]
89":":","290":" ","291":"s","292":"t","293":"r","294":"i","295":"n","296":"g","297":";","298":"\\","299":"r","300":"\\","301":"n","302":"\\","303":"t","304":"i","305":"s","306":"M","307":"a","308":"r","309":"k","310":"d","311":"o","312":"w","313":"n","314":":","315":" ","316":"b","317":"o","318":"o","319":"l","320":"e","321":"a","322":"n","323":";","324":"\\","325":"r","326":"\\","327":"n","328":"}","329":")","330":":","331":" ","332":"J","333":"S","334":"X","335":".","336":"E","337":"l","338":"e","339":"m","340":"e","341":"n","342":"t","343":" ","344":"=","345":">","346":" ","347":"{","348":"\\","349":"r","350":"\\","351":"n","352":"\\","353":"t","354":"s","355":"w","356":"i","357":"t","358":"c","359":"h","360":" ","361":"(","362":"s","363":"i","364":"z","365":"e","366":")","367":" ","368":"{","369":"\\","370":"r","371":"\\","372":"n","373":"\\","374":"t","375":"\\","376":"t","377":"c","378":"a","379":"s","380":"e","381":" ","382":"1","383":":","384":"\\","385":"r","386":"\\","387":"n","388":"\\","389":"t","390":"\\","391":"t","392":"\\","393":"t","394":"r","395":"e","396":"t","397":"u","398":"r","399":"n","400":" ","401":"<","402":"h","403":"1","404":">","405":"{","406":"i","407":"s","408":"M","409":"a","410":"r","411":"k","412":"d","413":"o","414":"w","415":"n","416":" ","417":"?","418":" ","419":"<","420":"M","421":"a","422":"r","423":"k","424":"d","425":"o","426":"w","427":"n","428":">","429":"{","430":"v","431":"a","432":"l","433":"u","434":"e","435":"}","436":"<","437":"/","438":"M","439":"a","440":"r","441":"k","442":"d","443":"o","444":"w","445":"n","446":">","447":" ","448":":","449":" ","450":"v","451":"a","452":"l","453":"u","454":"e","455":"}","456":"<","457":"/","458":"h","459":"1","460":">","461":";","462":"\\","463":"r","464":"\\","465":"n","466":"\\","467":"t","468":"\\","469":"t","470":"c","471":"a","472":"s","473":"e","474":" ","475":"2","476":":","477":"\\","478":"r","479":"\\","480":"n","481":"\\","482":"t","483":"\\","484":"t","485":"\\","486":"t","487":"r","488":"e","489":"t","490":"u","491":"r","492":"n","493":" ","494":"<","495":"h","496":"2","497":">","498":"{","499":"i","500":"s","501":"M","502":"a","503":"r","504":"k","505":"d","506":"o","507":"w","508":"n","509":" ","510":"?","511":" ","512":"<","513":"M","514":"a","515":"r","516":"k","517":"d","518":"o","519":"w","520":"n","521":">","522":"{","523":"v","524":"a","525":"l","526":"u","527":"e","528":"}","529":"<","530":"/","531":"M","532":"a","533":"r","534":"k","535":"d","536":"o","537":"w","538":"n","539":">","540":" ","541":":","542":" ","543":"v","544":"a","545":"l","546":"u","547":"e","548":"}","549":"<","550":"/","551":"h","552":"2","553":">","554":";","555":"\\","556":"r","557":"\\","558":"n","559":"\\","560":"t","561":"\\","562":"t","563":"c","564":"a","565":"s","566":"e","567":" ","568":"3","569":":","570":"\\","571":"r","572":"\\","573":"n","574":"\\","575":"t","576":"\\","577":"t","578":"\\","579":"t","580":"r","581":"e","582":"t","583":"u","584":"r","585":"n","586":" ","587":"<","588":"h","589":"3","590":">","591":"{","592":"i","593":"s","594":"M","595":"a","596":"r","597":"k","598":"d","599":"o","600":"w","601":"n","602":" ","603":"?","604":" ","605":"<","606":"M","607":"a","608":"r","609":"k","610":"d","611":"o","612":"w","613":"n","614":">","615":"{","616":"v","617":"a","618":"l","619":"u","620":"e","621":"}","622":"<","623":"/","624":"M","625":"a","626":"r","627":"k","628":"d","629":"o","630":"w","631":"n","632":">","633":" ","634":":","635":" ","636":"v","637":"a","638":"l","639":"u","640":"e","641":"}","642":"<","643":"/","644":"h","645":"3","646":">","647":";","648":"\\","649":"r","650":"\\","651":"n","652":"\\","653":"t","654":"\\","655":"t","656":"c","657":"a","658":"s","659":"e","660":" ","661":"4","662":":","663":"\\","664":"r","665":"\\","666":"n","667":"\\","668":"t","669":"\\","670":"t","671":"\\","672":"t","673":"r","674":"e","675":"t","676":"u","677":"r","678":"n","679":" ","680":"<","681":"h","682":"4","683":">","684":"{","685":"i","686":"s","687":"M","688":"a","689":"r","690":"k","691":"d","692":"o","693":"w","694":"n","695":" ","696":"?","697":" ","698":"<","699":"M","700":"a","701":"r","702":"k","703":"d","704":"o","705":"w","706":"n","707":">","708":"{","709":"v","710":"a","711":"l","712":"u","713":"e","714":"}","715":"<","716":"/","717":"M","718":"a","719":"r","720":"k","721":"d","722":"o","723":"w","724":"n","725":">","726":" ","727":":","728":" ","729":"v","730":"a","731":"l","732":"u","733":"e","734":"}","735":"<","736":"/","737":"h","738":"4","739":">","740":";","741":"\\","742":"r","743":"\\","744":"n","745":"\\","746":"t","747":"\\","748":"t","749":"c","750":"a","751":"s","752":"e","753":" ","754":"5","755":":","756":"\\","757":"r","758":"\\","759":"n","760":"\\","761":"t","762":"\\","763":"t","764":"\\","765":"t","766":"r","767":"e","768":"t","769":"u","770":"r","771":"n","772":" ","773":"<","774":"h","775":"5","776":">","777":"{","778":"i","779":"s","780":"M","781":"a","782":"r","783":"k","784":"d","785":"o","786":"w","787":"n","788":" ","789":"?","790":" ","791":"<","792":"M","793":"a","794":"r","795":"k","796":"d","797":"o","798":"w","799":"n","800":">","801":"{","802":"v","803":"a","804":"l","805":"u","806":"e","807":"}","808":"<","809":"/","810":"M","811":"a","812":"r","813":"k","814":"d","815":"o","816":"w","817":"n","818":">","819":" ","820":":","821":" ","822":"v","823":"a","824":"l","825":"u","826":"e","827":"}","828":"<","829":"/","830":"h","831":"5","832":">","833":";","834":"\\","835":"r","836":"\\","837":"n","838":"\\","839":"t","840":"\\","841":"t","842":"c","843":"a","844":"s","845":"e","846":" ","847":"6","848":":","849":"\\","850":"r","851":"\\","852":"n","853":"\\","854":"t","855":"\\","856":"t","857":"\\","858":"t","859":"r","860":"e","861":"t","862":"u","863":"r","864":"n","865":" ","866":"<","867":"h","868":"6","869":">","870":"{","871":"i","872":"s","873":"M","874":"a","875":"r","876":"k","877":"d","878":"o","879":"w","880":"n","881":" ","882":"?","883":" ","884":"<","885":"M","886":"a","887":"r","888":"k","889":"d","890":"o","891":"w","892":"n","893":">","894":"{","895":"v","896":"a","897":"l","898":"u","899":"e","900":"}","901":"<","902":"/","903":"M","904":"a","905":"r","906":"k","907":"d","908":"o","909":"w","910":"n","911":">","912":" ","913":":","914":" ","915":"v","916":"a","917":"l","918":"u","919":"e","920":"}","921":"<","922":"/","923":"h","924":"6","925":">","926":";","927":"\\","928":"r","929":"\\","930":"n","931":"\\","932":"t","933":"\\","934":"t","935":"d","936":"e","937":"f","938":"a","939":"u","940":"l","941":"t","942":":","943":"\\","944":"r","945":"\\","946":"n","947":"\\","948":"t","949":"\\","950":"t","951":"\\","952":"t","953":"r","954":"e","955":"t","956":"u","957":"r","958":"n","959":" ","960":"<","961":"p","962":">","963":"{","964":"i","965":"s","966":"M","967":"a","968":"r","969":"k","970":"d","971":"o","972":"w","973":"n","974":" ","975":"?","976":" ","977":"<","978":"M","979":"a","980":"r","981":"k","982":"d","983":"o","984":"w","985":"n","986":">","987":"{","988":"v","989":"a","990":"l","991":"u","992":"e","993":"}","994":"<","995":"/","996":"M","997":"a","998":"r","999":"k","1000":"d","1001":"o","1002":"w","1003":"n","1004":">","1005":" ","1006":":","1007":" ","1008":"v","1009":"a","1010":"l","1011":"u","1012":"e","1013":"}","1014":"<","1015":"/","1016":"p","1017":">","1018":";","1019":"\\","1020":"r","1021":"\\","1022":"n","1023":"\\","1024":"t","1025":"}","1026":"\\","1027":"r","1028":"\\","1029":"n","1030":"}","1031":";","1032":"\\","1033":"r","1034":"\\","1035":"n","1036":"e","1037":"x","1038":"p","1039":"o","1040":"r","1041":"t","1042":" ","1043":"c","1044":"o","1045":"n","1046":"s","1047":"t","1048":" ","1049":"s","1050":"h","1051":"o","1052":"r","1053":"t","1054":"e","1055":"r","1056":"T","1057":"e","1058":"x","1059":"t","1060":" ","1061":"=","1062":" ","1063":"(","1064":"{","1065":" ","1066":"v","1067":"a","1068":"l","1069":"u","1070":"e","1071":",","1072":" ","1073":"m","1074":"a","1075":"x","1076":"L","1077":"e","1078":"n","1079":"g","1080":"t","1081":"h","1082":" ","1083":"}","1084":":","1085":" ","1086":"{","1087":" ","1088":"v","1089":"a","1090":"l","1091":"u","1092":"e","1093":":","1094":" ","1095":"s","1096":"t","1097":"r","1098":"i","1099":"n","1100":"g","1101":";","1102":" ","1103":"m","1104":"a","1105":"x","1106":"L","1107":"e","1108":"n","1109":"g","1110":"t","1111":"h","1112":":","1113":" ","1114":"n","1115":"u","1116":"m","1117":"b","1118":"e","1119":"r","1120":" ","1121":"}","1122":")","1123":":","1124":" ","1125":"s","1126":"t","1127":"r","1128":"i","1129":"n","1130":"g","1131":" ","1132":"=","1133":">","1134":" ","1135":"{","1136":"\\","1137":"r","1138":"\\","1139":"n","1140":"\\","1141":"t","1142":"i","1143":"f","1144":" ","1145":"(","1146":"v","1147":"a","1148":"l","1149":"u","1150":"e","1151":".","1152":"l","1153":"e","1154":"n","1155":"g","1156":"t","1157":"h","1158":" ","1159":">","1160":" ","1161":"m","1162":"a","1163":"x","1164":"L","1165":"e","1166":"n","1167":"g","1168":"t","1169":"h","1170":")","1171":" ","1172":"{","1173":"\\","1174":"r","1175":"\\","1176":"n","1177":"\\","1178":"t","1179":"\\","1180":"t","1181":"r","1182":"e","1183":"t","1184":"u","1185":"r","1186":"n","1187":" ","1188":"v","1189":"a","1190":"l","1191":"u","1192":"e","1193":".","1194":"s","1195":"u","1196":"b","1197":"s","1198":"t","1199":"r","1200":"i","1201":"n","1202":"g","1203":"(","1204":"0","1205":",","1206":" ","1207":"m","1208":"a","1209":"x","1210":"L","1211":"e","1212":"n","1213":"g","1214":"t","1215":"h","1216":")","1217":" ","1218":"+","1219":" ","1220":"\\","1221":"\"","1222":".","1223":".","1224":".","1225":"\\","1226":"\"","1227":";","1228":"\\","1229":"r","1230":"\\","1231":"n","1232":"\\","1233":"t","1234":"}","1235":"\\","1236":"r","1237":"\\","1238":"n","1239":"\\","1240":"t","1241":"r","1242":"e","1243":"t","1244":"u","1245":"r","1246":"n","1247":" ","1248":"v","1249":"a","1250":"l","1251":"u","1252":"e","1253":";","1254":"\\","1255":"r","1256":"\\","1257":"n","1258":"}","1259":";","1260":"\\","1261":"r","1262":"\\","1263":"n","1264":"\"","1265":"]","1266":",","1267":"\"","1268":"n","1269":"a","1270":"m","1271":"e","1272":"s","1273":"\"","1274":":","1275":"[","1276":"\"","1277":"t","1278":"e","1279":"x","1280":"t","1281":"S","1282":"i","1283":"z","1284":"e","1285":"r","1286":"\"","1287":",","1288":"\"","1289":"s","1290":"h","1291":"o","1292":"r","1293":"t","1294":"e","1295":"r","1296":"T","1297":"e","1298":"x","1299":"t","1300":"\"","1301":",","1302":"\"","1303":"s","1304":"i","1305":"z","1306":"e","1307":"\"","1308":",","1309":"\"","1310":"v","1311":"a","1312":"l","1313":"u","1314":"e","1315":"\"","1316":",","1317":"\"","1318":"i","1319":"s","1320":"M","1321":"a","1322":"r","1323":"k","1324":"d","1325":"o","1326":"w","1327":"n","1328":"\"","1329":",","1330":"\"","1331":"h","1332":"1","1333":"\"","1334":",","1335":"\"","1336":"M","1337":"a","1338":"r","1339":"k","1340":"d","1341":"o","1342":"w","1343":"n","1344":"\"","1345":",","1346":"\"","1347":"h","1348":"2","1349":"\"","1350":",","1351":"\"","1352":"h","1353":"3","1354":"\"","1355":",","1356":"\"","1357":"h","1358":"4","1359":"\"","1360":",","1361":"\"","1362":"h","1363":"5","1364":"\"","1365":",","1366":"\"","1367":"h","1368":"6","1369":"\"","1370":",","1371":"\"","1372":"p","1373":"\"","1374":",","1375":"\"","1376":"m","1377":"a","1378":"x","1379":"L","1380":"e","1381":"n","1382":"g","1383":"t","1384":"h","1385":"\"","1386":",","1387":"\"","1388":"l","1389":"e","1390":"n","1391":"g","1392":"t","1393":"h","1394":"\"","1395":",","1396":"\"","1397":"s","1398":"u","1399":"b","1400":"s","1401":"t","1402":"r","1403":"i","1404":"n","1405":"g","1406":"\"","1407":"]","1408":",","1409":"\"","1410":"m","1411":"a","1412":"p","1413":"p","1414":"i","1415":"n","1416":"g","1417":"s","1418":"\"","1419":":","1420":"\"","1421":";","1422":";","1423":";","1424":";","1425":";","1426":";","1427":";","1428":";","1429":";","1430":";","1431":";","1432":"I","1433":"A","1434":"E","1435":"a","1436":"A","1437":",","1438":"S","1439":"A","1440":"A","1441":"S","1442":";","1443":"e","1444":"A","1445":"A","1446":"T","1447":"A","1448":";","1449":";","1450":"I","1451":"A","1452":"0","1453":"B","1454":"A","1455":"C","1456":",","1457":"W","1458":"A","1459":"A","1460":"W","1461":";","1462":"e","1463":"A","1464":"A","1465":"X","1466":"A","1467":";","1468":";","1469":";","1470":";","1471":"s","1472":"E","1473":"A","1474":"5","1475":"B","1476":"Q","1477":";","1478":";","1479":";","1480":";","1481":";","1482":";","1483":"A","1484":"A","1485":"E","1486":"d","1487":",","1488":"M","1489":"A","1490":"A","1491":"M","1492":"D","1493":",","1494":"Y","1495":"A","1496":"A","1497":"Y","1498":",","1499":"C","1500":"A","1501":"A","1502":"C","1503":",","1504":"E","1505":"A","1506":"C","1507":"z","1508":"B","1509":"E","1510":",","1511":"K","1512":"A","1513":"A","1514":"I","1515":",","1516":"E","1517":"A","1518":"C","1519":"J","1520":"C","1521":",","1522":"M","1523":"A","1524":"A","1525":"K","1526":",","1527":"E","1528":"A","1529":"C","1530":"L","1531":"C","1532":",","1533":"W","1534":"A","1535":"A","1536":"U","1537":",","1538":"E","1539":"A","1540":"K","1541":"V","1542":";","1543":"I","1544":"A","1545":"C","1546":"A","1547":",","1548":"O","1549":"A","1550":"A","1551":"Q","1552":"F","1553":";","1554":"Q","1555":"A","1556":"C","1557":"P","1558":",","1559":"K","1560":"A","1561":"A","1562":"K","1563":";","1564":"Y","1565":"A","1566":"C","1567":"J","1568":",","1569":"q","1570":"B","1571":"A","1572":"A","1573":"O","1574":",","1575":"q","1576":"B","1577":"A","1578":"A","1579":"C","1580":"G","1581":";","1582":"0","1583":"B","1584":"A","1585":"A","1586":"I","1587":"D","1588":",","1589":"2","1590":"B","1591":"A","1592":"A","1593":"a","1594":",","1595":"q","1596":"B","1597":"A","1598":"A","1599":"C","1600":"E","1601":";","1602":"8","1603":"B","1604":"A","1605":"A","1606":"U","1607":"H","1608":";","1609":"q","1610":"B","1611":"A","1612":"A","1613":"o","1614":"B","1615":"A","1616":";","1617":";","1618":"Q","1619":"A","1620":"C","1621":"z","1622":"D","1623":",","1624":"K","1625":"A","1626":"A","1627":"K","1628":";","1629":"Y","1630":"A","1631":"C","1632":"J","1633":",","1634":"q","1635":"B","1636":"A","1637":"A","1638":"O","1639":",","1640":"q","1641":"B","1642":"A","1643":"A","1644":"C","1645":"I","1646":";","1647":"0","1648":"B","1649":"A","1650":"A","1651":"I","1652":"H","1653":",","1654":"2","1655":"B","1656":"A","1657":"A","1658":"a","1659":",","1660":"q","1661":"B","1662":"A","1663":"A","1664":"C","1665":"E","1666":";","1667":"8","1668":"B","1669":"A","1670":"A","1671":"U","1672":"H","1673":";","1674":"q","1675":"B","1676":"A","1677":"A","1678":"o","1679":"B","1680":"A","1681":";","1682":";","1683":"Q","1684":"A","1685":"C","1686":"z","1687":"D","1688":",","1689":"K","1690":"A","1691":"A","1692":"K","1693":";","1694":"Y","1695":"A","1696":"C","1697":"J","1698":",","1699":"q","1700":"B","1701":"A","1702":"A","1703":"O","1704":",","1705":"q","1706":"B","1707":"A","1708":"A","1709":"C","1710":"K","1711":";","1712":"0","1713":"B","1714":"A","1715":"A","1716":"I","1717":"J","1718":",","1719":"2","1720":"B","1721":"A","1722":"A","1723":"a","1724":",","1725":"q","1726":"B","1727":"A","1728":"A","1729":"C","1730":"E","1731":";","1732":"8","1733":"B","1734":"A","1735":"A","1736":"U","1737":"H","1738":";","1739":"q","1740":"B","1741":"A","1742":"A","1743":"o","1744":"B","1745":"A","1746":";","1747":";","1748":"Q","1749":"A","1750":"C","1751":"z","1752":"D","1753":",","1754":"K","1755":"A","1756":"A","1757":"K","1758":";","1759":"Y","1760":"A","1761":"C","1762":"J","1763":",","1764":"q","1765":"B","1766":"A","1767":"A","1768":"O","1769":",","1770":"q","1771":"B","1772":"A","1773":"A","1774":"C","1775":"M","1776":";","1777":"0","1778":"B","1779":"A","1780":"A","1781":"I","1782":"L","1783":",","1784":"2","1785":"B","1786":"A","1787":"A","1788":"a","1789":",","1790":"q","1791":"B","1792":"A","1793":"A","1794":"C","1795":"E","1796":";","1797":"8","1798":"B","1799":"A","1800":"A","1801":"U","1802":"H","1803":";","1804":"q","1805":"B","1806":"A","1807":"A","1808":"o","1809":"B","1810":"A","1811":";","1812":";","1813":"Q","1814":"A","1815":"C","1816":"z","1817":"D","1818":",","1819":"K","1820":"A","1821":"A","1822":"K","1823":";","1824":"Y","1825":"A","1826":"C","1827":"J","1828":",","1829":"q","1830":"B","1831":"A","1832":"A","1833":"O","1834":",","1835":"q","1836":"B","1837":"A","1838":"A","1839":"C","1840":"O","1841":";","1842":"0","1843":"B","1844":"A","1845":"A","1846":"I","1847":"N","1848":",","1849":"2","1850":"B","1851":"A","1852":"A","1853":"a","1854":",","1855":"q","1856":"B","1857":"A","1858":"A","1859":"C","1860":"E","1861":";","1862":"8","1863":"B","1864":"A","1865":"A","1866":"U","1867":"H","1868":";","1869":"q","1870":"B","1871":"A","1872":"A","1873":"o","1874":"B","1875":"A","1876":";","1877":";","1878":"Q","1879":"A","1880":"C","1881":"z","1882":"D","1883":",","1884":"K","1885":"A","1886":"A","1887":"K","1888":";","1889":"Y","1890":"A","1891":"C","1892":"J","1893":",","1894":"q","1895":"B","1896":"A","1897":"A","1898":"O","1899":",","1900":"q","1901":"B","1902":"A","1903":"A","1904":"C","1905":"Q","1906":";","1907":"0","1908":"B","1909":"A","1910":"A","1911":"I","1912":"P","1913":",","1914":"2","1915":"B","1916":"A","1917":"A","1918":"a","1919":",","1920":"q","1921":"B","1922":"A","1923":"A","1924":"C","1925":"E","1926":";","1927":"8","1928":"B","1929":"A","1930":"A","1931":"U","1932":"H","1933":";","1934":"q","1935":"B","1936":"A","1937":"A","1938":"o","1939":"B","1940":"A","1941":";","1942":";","1943":"Q","1944":"A","1945":"C","1946":"z","1947":"D","1948":";","1949":"Y","1950":"A","1951":"C","1952":"C","1953":",","1954":"q","1955":"B","1956":"A","1957":"A","1958":"O","1959":",","1960":"q","1961":"B","1962":"A","1963":"A","1964":"C","1965":"S","1966":";","1967":"0","1968":"B","1969":"A","1970":"A","1971":"G","1972":"R","1973":",","1974":"2","1975":"B","1976":"A","1977":"A","1978":"a","1979":",","1980":"q","1981":"B","1982":"A","1983":"A","1984":"C","1985":"E","1986":";","1987":"8","1988":"B","1989":"A","1990":"A","1991":"U","1992":"H","1993":";","1994":"q","1995":"B","1996":"A","1997":"A","1998":"o","1999":"B","2000":"A","2001":";","2002":";","2003":"I","2004":"A","2005":"C","2006":"z","2007":"D","2008":";","2009":"A","2010":"A","2011":"C","2012":"D","2013":";","2014":"A","2015":"A","2016":"C","2017":"O","2018":",","2019":"M","2020":"A","2021":"A","2022":"M","2023":"F","2024":",","2025":"c","2026":"A","2027":"A","2028":"c","2029":",","2030":"C","2031":"A","2032":"A","2033":"C","2034":",","2035":"E","2036":"A","2037":"A","2038":"E","2039":"E","2040":",","2041":"M","2042":"A","2043":"A","2044":"K","2045":",","2046":"E","2047":"A","2048":"A","2049":"E","2050":"U","2051":",","2052":"U","2053":"A","2054":"A","2055":"S","2056":",","2057":"E","2058":"A","2059":"A","2060":"w","2061":"C","2062":";","2063":"I","2064":"A","2065":"C","2066":"r","2067":"F","2068":",","2069":"I","2070":"A","2071":"A","2072":"I","2073":"V","2074":",","2075":"M","2076":"A","2077":"A","2078":"M","2079":"W","2080":",","2081":"S","2082":"A","2083":"A","2084":"S","2085":"D","2086":",","2087":"W","2088":"A","2089":"A","2090":"W","2091":";","2092":"Q","2093":"A","2094":"C","2095":"7","2096":"B","2097":",","2098":"O","2099":"A","2100":"A","2101":"O","2102":"V","2103":",","2104":"M","2105":"A","2106":"A","2107":"M","2108":"Y","2109":",","2110":"U","2111":"A","2112":"A","2113":"U","2114":",","2115":"G","2116":"A","2117":"A","2118":"G","2119":"F","2120":",","2121":"a","2122":"A","2123":"A","2124":"a","2125":";","2126":"I","2127":"A","2128":"C","2129":"x","2130":"C","2131":";","2132":"I","2133":"A","2134":"C","2135":"A","2136":",","2137":"O","2138":"A","2139":"A","2140":"O","2141":"V","2142":";","2143":"A","2144":"A","2145":"C","2146":"R","2147":"\"","2148":"}"},"_coverageSchema":"1a1c01bbd47fc00a2c39e90264f33305004495a9","hash":"42afe8067d048cab1db99db615133bc0b00f4afc"}
}
