TN:
SF:src\components\Button\Button.tsx
FN:7,(anonymous_0)
FN:14,_interop_require_default
FN:19,(anonymous_2)
FN:20,(anonymous_3)
FNF:4
FNH:4
FNDA:17,(anonymous_0)
FNDA:1,_interop_require_default
FNDA:17,(anonymous_2)
FNDA:2,(anonymous_3)
DA:2,1
DA:5,1
DA:8,17
DA:11,1
DA:12,1
DA:13,1
DA:15,1
DA:19,1
DA:20,17
DA:21,2
DA:22,2
DA:24,17
DA:58,1
LF:13
LH:13
BRDA:15,0,0,0
BRDA:15,0,1,1
BRDA:15,1,0,1
BRDA:15,1,1,1
BRDA:19,2,0,15
BRDA:19,3,0,17
BRDA:19,4,0,17
BRDA:19,5,0,17
BRDA:19,6,0,14
BRDA:26,7,0,17
BRDA:26,7,1,15
BRDA:31,8,0,0
BRDA:31,8,1,17
BRDA:32,9,0,17
BRDA:32,9,1,0
BRDA:33,10,0,0
BRDA:33,10,1,17
BRDA:34,11,0,0
BRDA:34,11,1,17
BRDA:35,12,0,2
BRDA:35,12,1,15
BRDA:37,13,0,15
BRDA:37,13,1,2
BRDA:38,14,0,0
BRDA:38,14,1,17
BRDA:39,15,0,17
BRDA:39,15,1,0
BRDA:40,16,0,0
BRDA:40,16,1,17
BRDA:42,17,0,2
BRDA:42,17,1,15
BRDA:43,18,0,17
BRDA:43,18,1,16
BRDA:46,19,0,17
BRDA:46,19,1,2
BRDA:51,20,0,17
BRDA:51,20,1,2
BRF:37
BRH:29
end_of_record
TN:
SF:src\components\Text\Styled.tsx
FN:7,(anonymous_0)
FN:13,_interop_require_default
FN:37,(anonymous_2)
FN:43,(anonymous_3)
FN:49,(anonymous_4)
FN:55,(anonymous_5)
FN:59,(anonymous_6)
FN:60,(anonymous_7)
FN:63,(anonymous_8)
FNF:9
FNH:9
FNDA:16,(anonymous_0)
FNDA:1,_interop_require_default
FNDA:16,(anonymous_2)
FNDA:16,(anonymous_3)
FNDA:16,(anonymous_4)
FNDA:16,(anonymous_5)
FNDA:16,(anonymous_6)
FNDA:16,(anonymous_7)
FNDA:16,(anonymous_8)
DA:2,1
DA:5,1
DA:8,16
DA:11,1
DA:12,1
DA:14,1
DA:18,1
DA:37,16
DA:43,16
DA:49,16
DA:55,16
DA:59,16
DA:60,16
DA:63,16
DA:67,1
LF:15
LH:15
BRDA:14,0,0,1
BRDA:14,0,1,0
BRDA:14,1,0,1
BRDA:14,1,1,1
BRF:4
BRH:3
end_of_record
TN:
SF:src\components\Text\Text.tsx
FN:7,(anonymous_0)
FN:16,_interop_require_default
FN:21,(anonymous_2)
FNF:3
FNH:3
FNDA:16,(anonymous_0)
FNDA:2,_interop_require_default
FNDA:16,(anonymous_2)
DA:2,1
DA:5,1
DA:8,16
DA:11,1
DA:12,1
DA:13,1
DA:14,1
DA:15,1
DA:17,2
DA:21,1
DA:22,16
DA:26,16
DA:31,16
DA:42,1
LF:14
LH:14
BRDA:17,0,0,1
BRDA:17,0,1,1
BRDA:17,1,0,2
BRDA:17,1,1,2
BRDA:21,2,0,16
BRDA:21,3,0,16
BRDA:21,4,0,15
BRDA:21,5,0,15
BRDA:21,6,0,16
BRDA:21,7,0,14
BRDA:21,8,0,14
BRDA:33,9,0,1
BRDA:33,9,1,15
BRDA:34,10,0,1
BRDA:34,10,1,15
BRF:15
BRH:15
end_of_record
TN:
SF:src\components\Text\text.functions.tsx
FN:5,_export
FN:12,(anonymous_1)
FN:15,(anonymous_2)
FN:21,_interop_require_default
FN:26,(anonymous_4)
FN:72,(anonymous_5)
FNF:6
FNH:6
FNDA:1,_export
FNDA:16,(anonymous_1)
FNDA:16,(anonymous_2)
FNDA:1,_interop_require_default
FNDA:16,(anonymous_4)
FNDA:16,(anonymous_5)
DA:2,1
DA:6,2
DA:11,1
DA:13,16
DA:16,16
DA:19,1
DA:20,1
DA:22,1
DA:26,1
DA:27,16
DA:29,1
DA:35,1
DA:41,1
DA:47,1
DA:53,1
DA:59,1
DA:65,10
DA:72,1
DA:73,16
DA:74,1
DA:76,15
LF:21
LH:21
BRDA:22,0,0,0
BRDA:22,0,1,1
BRDA:22,1,0,1
BRDA:22,1,1,1
BRDA:27,2,0,1
BRDA:27,2,1,1
BRDA:27,2,2,1
BRDA:27,2,3,1
BRDA:27,2,4,1
BRDA:27,2,5,1
BRDA:27,2,6,10
BRDA:30,3,0,0
BRDA:30,3,1,1
BRDA:36,4,0,0
BRDA:36,4,1,1
BRDA:42,5,0,0
BRDA:42,5,1,1
BRDA:48,6,0,0
BRDA:48,6,1,1
BRDA:54,7,0,0
BRDA:54,7,1,1
BRDA:60,8,0,0
BRDA:60,8,1,1
BRDA:66,9,0,1
BRDA:66,9,1,9
BRDA:73,10,0,1
BRDA:73,10,1,15
BRF:27
BRH:20
end_of_record
